<?xml version="1.0" encoding="UTF-8"?>
<robot generator="Robot 4.0.1 (Python 3.9.5 on win32)" generated="20210806 11:05:01.785" rpa="false" schemaversion="2">
<suite id="s1" name="Weblogin" source="E:\Projects\Robot\2021720_switch_login\weblogin.robot">
<test id="s1-t1" name="Valid Login">
<kw name="Input password and wait page accessed">
<for flavor="IN RANGE">
<var>${index}</var>
<value>1</value>
<value>3</value>
<iter>
<var name="${index}">1</var>
<kw name="Log To Console" library="BuiltIn">
<arg>Running for ${index} times</arg>
<doc>Logs the given message to the console.</doc>
<status status="PASS" starttime="20210806 11:05:01.946" endtime="20210806 11:05:01.947"/>
</kw>
<kw name="Open Browser" library="Selenium2Library">
<arg>${HOST}</arg>
<arg>${BROWSER}</arg>
<arg>options=add_argument("--ignore-certificate-errors")</arg>
<doc>Opens a new browser instance to the optional ``url``.</doc>
<msg timestamp="20210806 11:05:01.947" level="INFO">Opening browser 'chrome' to base url 'https://192.168.1.1'.</msg>
<status status="PASS" starttime="20210806 11:05:01.947" endtime="20210806 11:05:05.735"/>
</kw>
<kw name="Wait Until Page Contains" library="Selenium2Library">
<arg>Password</arg>
<arg>30</arg>
<doc>Waits until ``text`` appears on the current page.</doc>
<status status="PASS" starttime="20210806 11:05:05.735" endtime="20210806 11:05:05.749"/>
</kw>
<kw name="Input Text" library="Selenium2Library">
<arg>${User_xpath}</arg>
<arg>${User_value}</arg>
<doc>Types the given ``text`` into the text field identified by ``locator``.</doc>
<msg timestamp="20210806 11:05:05.749" level="INFO">Typing text 'manager' into text field '//*[@id="Login"]'.</msg>
<status status="PASS" starttime="20210806 11:05:05.749" endtime="20210806 11:05:05.820"/>
</kw>
<kw name="Input Text" library="Selenium2Library">
<arg>${Password_xpath}</arg>
<arg>${Password_value}</arg>
<doc>Types the given ``text`` into the text field identified by ``locator``.</doc>
<msg timestamp="20210806 11:05:05.820" level="INFO">Typing text 'friend' into text field '//*[@id="Password"]'.</msg>
<status status="PASS" starttime="20210806 11:05:05.820" endtime="20210806 11:05:05.892"/>
</kw>
<kw name="Click Button" library="Selenium2Library">
<arg>${login_button}</arg>
<doc>Clicks the button identified by ``locator``.</doc>
<msg timestamp="20210806 11:05:05.893" level="INFO">Clicking button '//*[@id="BodyBox"]/tbody/tr[4]/td/input[1]'.</msg>
<status status="PASS" starttime="20210806 11:05:05.892" endtime="20210806 11:05:11.234"/>
</kw>
<kw name="Wait Until Page Contains" library="Selenium2Library">
<arg>WebSmart Switch</arg>
<doc>Waits until ``text`` appears on the current page.</doc>
<status status="PASS" starttime="20210806 11:05:11.234" endtime="20210806 11:05:11.247"/>
</kw>
<kw name="Log" library="BuiltIn">
<arg>PASSED</arg>
<doc>Logs the given message with the given level.</doc>
<msg timestamp="20210806 11:05:11.247" level="INFO">PASSED</msg>
<status status="PASS" starttime="20210806 11:05:11.247" endtime="20210806 11:05:11.247"/>
</kw>
<kw name="Close Browser" library="Selenium2Library">
<doc>Closes the current browser.</doc>
<status status="PASS" starttime="20210806 11:05:11.248" endtime="20210806 11:05:13.379"/>
</kw>
<kw name="Sleep" library="BuiltIn">
<arg>10</arg>
<doc>Pauses the test executed for the given time.</doc>
<msg timestamp="20210806 11:05:23.383" level="INFO">Slept 10 seconds</msg>
<status status="PASS" starttime="20210806 11:05:13.379" endtime="20210806 11:05:23.383"/>
</kw>
<status status="PASS" starttime="20210806 11:05:01.946" endtime="20210806 11:05:23.384"/>
</iter>
<iter>
<var name="${index}">2</var>
<kw name="Log To Console" library="BuiltIn">
<arg>Running for ${index} times</arg>
<doc>Logs the given message to the console.</doc>
<status status="PASS" starttime="20210806 11:05:23.384" endtime="20210806 11:05:23.385"/>
</kw>
<kw name="Open Browser" library="Selenium2Library">
<arg>${HOST}</arg>
<arg>${BROWSER}</arg>
<arg>options=add_argument("--ignore-certificate-errors")</arg>
<doc>Opens a new browser instance to the optional ``url``.</doc>
<msg timestamp="20210806 11:05:23.386" level="INFO">Opening browser 'chrome' to base url 'https://192.168.1.1'.</msg>
<status status="PASS" starttime="20210806 11:05:23.385" endtime="20210806 11:05:27.125"/>
</kw>
<kw name="Wait Until Page Contains" library="Selenium2Library">
<arg>Password</arg>
<arg>30</arg>
<doc>Waits until ``text`` appears on the current page.</doc>
<status status="PASS" starttime="20210806 11:05:27.125" endtime="20210806 11:05:27.136"/>
</kw>
<kw name="Input Text" library="Selenium2Library">
<arg>${User_xpath}</arg>
<arg>${User_value}</arg>
<doc>Types the given ``text`` into the text field identified by ``locator``.</doc>
<msg timestamp="20210806 11:05:27.137" level="INFO">Typing text 'manager' into text field '//*[@id="Login"]'.</msg>
<status status="PASS" starttime="20210806 11:05:27.137" endtime="20210806 11:05:27.217"/>
</kw>
<kw name="Input Text" library="Selenium2Library">
<arg>${Password_xpath}</arg>
<arg>${Password_value}</arg>
<doc>Types the given ``text`` into the text field identified by ``locator``.</doc>
<msg timestamp="20210806 11:05:27.218" level="INFO">Typing text 'friend' into text field '//*[@id="Password"]'.</msg>
<status status="PASS" starttime="20210806 11:05:27.217" endtime="20210806 11:05:27.276"/>
</kw>
<kw name="Click Button" library="Selenium2Library">
<arg>${login_button}</arg>
<doc>Clicks the button identified by ``locator``.</doc>
<msg timestamp="20210806 11:05:27.276" level="INFO">Clicking button '//*[@id="BodyBox"]/tbody/tr[4]/td/input[1]'.</msg>
<status status="PASS" starttime="20210806 11:05:27.276" endtime="20210806 11:05:31.477"/>
</kw>
<kw name="Wait Until Page Contains" library="Selenium2Library">
<arg>WebSmart Switch</arg>
<doc>Waits until ``text`` appears on the current page.</doc>
<status status="PASS" starttime="20210806 11:05:31.477" endtime="20210806 11:05:31.486"/>
</kw>
<kw name="Log" library="BuiltIn">
<arg>PASSED</arg>
<doc>Logs the given message with the given level.</doc>
<msg timestamp="20210806 11:05:31.486" level="INFO">PASSED</msg>
<status status="PASS" starttime="20210806 11:05:31.486" endtime="20210806 11:05:31.486"/>
</kw>
<kw name="Close Browser" library="Selenium2Library">
<doc>Closes the current browser.</doc>
<status status="PASS" starttime="20210806 11:05:31.486" endtime="20210806 11:05:33.775"/>
</kw>
<kw name="Sleep" library="BuiltIn">
<arg>10</arg>
<doc>Pauses the test executed for the given time.</doc>
<msg timestamp="20210806 11:05:43.779" level="INFO">Slept 10 seconds</msg>
<status status="PASS" starttime="20210806 11:05:33.775" endtime="20210806 11:05:43.779"/>
</kw>
<status status="PASS" starttime="20210806 11:05:23.384" endtime="20210806 11:05:43.779"/>
</iter>
<status status="PASS" starttime="20210806 11:05:01.946" endtime="20210806 11:05:43.780"/>
</for>
<status status="PASS" starttime="20210806 11:05:01.946" endtime="20210806 11:05:43.780"/>
</kw>
<kw name="Close All Browsers" library="Selenium2Library" type="TEARDOWN">
<doc>Closes all open browsers and resets the browser cache.</doc>
<status status="PASS" starttime="20210806 11:05:43.781" endtime="20210806 11:05:43.781"/>
</kw>
<doc>Test sample</doc>
<status status="PASS" starttime="20210806 11:05:01.945" endtime="20210806 11:05:43.782"/>
</test>
<status status="PASS" starttime="20210806 11:05:01.786" endtime="20210806 11:05:43.783"/>
</suite>
<statistics>
<total>
<stat pass="1" fail="0" skip="0">All Tests</stat>
</total>
<tag>
</tag>
<suite>
<stat pass="1" fail="0" skip="0" id="s1" name="Weblogin">Weblogin</stat>
</suite>
</statistics>
<errors>
</errors>
</robot>
