<?xml version="1.0" encoding="UTF-8"?>
<robot generator="Robot 4.0.1 (Python 3.9.5 on win32)" generated="20210913 15:50:07.462" rpa="false" schemaversion="2">
<suite id="s1" name="Weblogin2" source="E:\Projects\Robot\switch_login_verification\weblogin2.robot">
<test id="s1-t1" name="Valid Login">
<kw name="create new browser">
<kw name="Open Browser" library="Selenium2Library">
<arg>${url}</arg>
<arg>${BROWSER}</arg>
<arg>options=add_argument("--ignore-certificate-errors")</arg>
<doc>Opens a new browser instance to the optional ``url``.</doc>
<msg timestamp="20210913 15:50:07.619" level="INFO">Opening browser 'Chrome' to base url 'https://10.3.4.19'.</msg>
<status status="PASS" starttime="20210913 15:50:07.619" endtime="20210913 15:50:13.799"/>
</kw>
<kw name="Set Selenium Implicit Wait" library="Selenium2Library">
<arg>10</arg>
<doc>Sets the implicit wait value used by Selenium.</doc>
<status status="PASS" starttime="20210913 15:50:13.799" endtime="20210913 15:50:13.800"/>
</kw>
<status status="PASS" starttime="20210913 15:50:07.619" endtime="20210913 15:50:13.800"/>
</kw>
<for flavor="IN RANGE">
<var>${i}</var>
<value>1</value>
<value>999999</value>
<iter>
<var name="${i}">1</var>
<kw name="Log To Console" library="BuiltIn">
<arg>Running for ${i} times</arg>
<doc>Logs the given message to the console.</doc>
<status status="PASS" starttime="20210913 15:50:13.814" endtime="20210913 15:50:13.815"/>
</kw>
<kw name="Ping test">
<var>${status}</var>
<kw name="Run Process" library="Process">
<var>${result}</var>
<arg>ping ${dut_ip} -c 1</arg>
<arg>shell=True</arg>
<arg>stdout=stdout.txt</arg>
<arg>output_encoding=UTF-8</arg>
<doc>Runs a process and waits for it to complete.</doc>
<msg timestamp="20210913 15:50:13.815" level="INFO">Starting process:
ping 10.3.4.19 -c 1</msg>
<msg timestamp="20210913 15:50:13.825" level="INFO">Waiting for process to complete.</msg>
<msg timestamp="20210913 15:50:16.880" level="INFO">Process completed.</msg>
<msg timestamp="20210913 15:50:16.880" level="INFO">${result} = &lt;result object with rc 0&gt;</msg>
<status status="PASS" starttime="20210913 15:50:13.815" endtime="20210913 15:50:16.880"/>
</kw>
<kw name="Get File" library="OperatingSystem">
<var>${TextFileContent}</var>
<arg>stdout.txt</arg>
<arg>encoding=UTF-8</arg>
<arg>encoding_errors=strict</arg>
<doc>Returns the contents of a specified file.</doc>
<msg timestamp="20210913 15:50:16.881" level="INFO" html="true">Getting file '&lt;a href="file://E:\Projects\Robot\switch_login_verification\stdout.txt"&gt;E:\Projects\Robot\switch_login_verification\stdout.txt&lt;/a&gt;'.</msg>
<msg timestamp="20210913 15:50:16.881" level="INFO">${TextFileContent} = 
Pinging 10.3.4.19 with 32 bytes of data:
Reply from 10.3.4.19: bytes=32 time=18ms TTL=64
Reply from 10.3.4.19: bytes=32 time=3ms TTL=64
Reply from 10.3.4.19: bytes=32 time=3ms TTL=64
Reply from 10.3....</msg>
<status status="PASS" starttime="20210913 15:50:16.880" endtime="20210913 15:50:16.881"/>
</kw>
<kw name="Log To Console" library="BuiltIn">
<arg>${TextFileContent}</arg>
<doc>Logs the given message to the console.</doc>
<status status="PASS" starttime="20210913 15:50:16.881" endtime="20210913 15:50:16.883"/>
</kw>
<kw name="Run Keyword And Return Status" library="BuiltIn">
<var>${status}</var>
<arg>Should Contain Any</arg>
<arg>${TextFileContent}</arg>
<arg>Reply from</arg>
<doc>Runs the given keyword with given arguments and returns the status as a Boolean value.</doc>
<kw name="Should Contain Any" library="BuiltIn">
<arg>${TextFileContent}</arg>
<arg>Reply from</arg>
<doc>Fails if ``container`` does not contain any of the ``*items``.</doc>
<status status="PASS" starttime="20210913 15:50:16.883" endtime="20210913 15:50:16.883"/>
</kw>
<msg timestamp="20210913 15:50:16.883" level="INFO">${status} = True</msg>
<status status="PASS" starttime="20210913 15:50:16.883" endtime="20210913 15:50:16.883"/>
</kw>
<msg timestamp="20210913 15:50:16.883" level="INFO">${status} = True</msg>
<status status="PASS" starttime="20210913 15:50:13.815" endtime="20210913 15:50:16.883"/>
</kw>
<if>
<branch type="IF" condition="${status} == ${True}">
<kw name="Evaluate" library="BuiltIn">
<var>${counter}</var>
<arg>${i} + 1</arg>
<doc>Evaluates the given expression in Python and returns the result.</doc>
<msg timestamp="20210913 15:50:16.884" level="INFO">${counter} = 2</msg>
<status status="PASS" starttime="20210913 15:50:16.884" endtime="20210913 15:50:16.884"/>
</kw>
<kw name="Log To Console" library="BuiltIn">
<arg>Ping ok , Continue the Testing...</arg>
<doc>Logs the given message to the console.</doc>
<status status="PASS" starttime="20210913 15:50:16.884" endtime="20210913 15:50:16.884"/>
</kw>
<kw name="login to dut">
<var>${login_status}</var>
<kw name="Go To" library="Selenium2Library">
<arg>${url}</arg>
<doc>Navigates the current browser window to the provided ``url``.</doc>
<msg timestamp="20210913 15:50:16.885" level="INFO">Opening url 'https://10.3.4.19'</msg>
<status status="PASS" starttime="20210913 15:50:16.884" endtime="20210913 15:50:17.896"/>
</kw>
<kw name="Sleep" library="BuiltIn">
<arg>5</arg>
<doc>Pauses the test executed for the given time.</doc>
<msg timestamp="20210913 15:50:22.911" level="INFO">Slept 5 seconds</msg>
<status status="PASS" starttime="20210913 15:50:17.896" endtime="20210913 15:50:22.911"/>
</kw>
<kw name="Wait Until Page Contains" library="Selenium2Library">
<arg>Password</arg>
<arg>30</arg>
<doc>Waits until ``text`` appears on the current page.</doc>
<status status="PASS" starttime="20210913 15:50:22.911" endtime="20210913 15:50:22.920"/>
</kw>
<kw name="Input Text" library="Selenium2Library">
<arg>${User_xpath}</arg>
<arg>${User_value}</arg>
<doc>Types the given ``text`` into the text field identified by ``locator``.</doc>
<msg timestamp="20210913 15:50:22.921" level="INFO">Typing text 'adpro' into text field '//input[@id='Login']'.</msg>
<status status="PASS" starttime="20210913 15:50:22.920" endtime="20210913 15:50:22.986"/>
</kw>
<kw name="Sleep" library="BuiltIn">
<arg>1</arg>
<doc>Pauses the test executed for the given time.</doc>
<msg timestamp="20210913 15:50:23.996" level="INFO">Slept 1 second</msg>
<status status="PASS" starttime="20210913 15:50:22.987" endtime="20210913 15:50:23.996"/>
</kw>
<kw name="Input Text" library="Selenium2Library">
<arg>${Password_xpath}</arg>
<arg>${Password_value}</arg>
<doc>Types the given ``text`` into the text field identified by ``locator``.</doc>
<msg timestamp="20210913 15:50:23.998" level="INFO">Typing text '' into text field '//input[@id='Password']'.</msg>
<status status="PASS" starttime="20210913 15:50:23.997" endtime="20210913 15:50:24.060"/>
</kw>
<kw name="Sleep" library="BuiltIn">
<arg>1</arg>
<doc>Pauses the test executed for the given time.</doc>
<msg timestamp="20210913 15:50:25.062" level="INFO">Slept 1 second</msg>
<status status="PASS" starttime="20210913 15:50:24.060" endtime="20210913 15:50:25.062"/>
</kw>
<kw name="Click Button" library="Selenium2Library">
<arg>${login_button}</arg>
<doc>Clicks the button identified by ``locator``.</doc>
<msg timestamp="20210913 15:50:25.064" level="INFO">Clicking button '//button[@id='login_ok']'.</msg>
<status status="PASS" starttime="20210913 15:50:25.063" endtime="20210913 15:50:32.108"/>
</kw>
<kw name="Sleep" library="BuiltIn">
<arg>3</arg>
<doc>Pauses the test executed for the given time.</doc>
<msg timestamp="20210913 15:50:35.109" level="INFO">Slept 3 seconds</msg>
<status status="PASS" starttime="20210913 15:50:32.108" endtime="20210913 15:50:35.109"/>
</kw>
<kw name="Handle Alert" library="Selenium2Library">
<var>${alert_message}</var>
<arg>action=ACCEPT</arg>
<arg>timeout=10</arg>
<doc>Handles the current alert and returns its message.</doc>
<msg timestamp="20210913 15:50:35.111" level="INFO">HANDLE::&lt;class 'datetime.timedelta'&gt;::0:00:10</msg>
<msg timestamp="20210913 15:50:35.123" level="INFO">${alert_message} = No password has been set. Please set a password for security.</msg>
<status status="PASS" starttime="20210913 15:50:35.110" endtime="20210913 15:50:35.123"/>
</kw>
<kw name="Run Keyword And Return Status" library="BuiltIn">
<var>${status}</var>
<arg>Wait Until Element Is Visible</arg>
<arg>myframe</arg>
<doc>Runs the given keyword with given arguments and returns the status as a Boolean value.</doc>
<kw name="Wait Until Element Is Visible" library="Selenium2Library">
<arg>myframe</arg>
<doc>Waits until the element ``locator`` is visible.</doc>
<status status="PASS" starttime="20210913 15:50:35.124" endtime="20210913 15:50:36.824"/>
</kw>
<msg timestamp="20210913 15:50:36.824" level="INFO">${status} = True</msg>
<status status="PASS" starttime="20210913 15:50:35.124" endtime="20210913 15:50:36.824"/>
</kw>
<msg timestamp="20210913 15:50:36.824" level="INFO">${login_status} = [True, 'No password has been set. Please set a password for security.']</msg>
<status status="PASS" starttime="20210913 15:50:16.884" endtime="20210913 15:50:36.824"/>
</kw>
<kw name="Log To Console" library="BuiltIn">
<arg>${login_status}</arg>
<doc>Logs the given message to the console.</doc>
<status status="PASS" starttime="20210913 15:50:36.824" endtime="20210913 15:50:36.825"/>
</kw>
<if>
<branch type="IF" condition="${login_status}[0] == ${True}">
<kw name="check login successed">
<var>${result}</var>
<kw name="Select Frame" library="Selenium2Library">
<arg>myframe</arg>
<doc>Sets frame identified by ``locator`` as the current frame.</doc>
<msg timestamp="20210913 15:50:36.826" level="INFO">Selecting frame 'myframe'.</msg>
<status status="PASS" starttime="20210913 15:50:36.825" endtime="20210913 15:50:36.843"/>
</kw>
<kw name="Run Keyword And Return Status" library="BuiltIn">
<var>${IsElementVisible}</var>
<arg>Wait Until Page Contains Element</arg>
<arg>${systemUP}</arg>
<doc>Runs the given keyword with given arguments and returns the status as a Boolean value.</doc>
<kw name="Wait Until Page Contains Element" library="Selenium2Library">
<arg>${systemUP}</arg>
<doc>Waits until the element ``locator`` appears on the current page.</doc>
<kw name="Capture Page Screenshot" library="Selenium2Library">
<doc>Takes a screenshot of the current page and embeds it into a log file.</doc>
<msg timestamp="20210913 15:50:47.487" level="INFO" html="true">&lt;/td&gt;&lt;/tr&gt;&lt;tr&gt;&lt;td colspan="3"&gt;&lt;a href="selenium-screenshot-1.png"&gt;&lt;img src="selenium-screenshot-1.png" width="800px"&gt;&lt;/a&gt;</msg>
<status status="PASS" starttime="20210913 15:50:47.395" endtime="20210913 15:50:47.487"/>
</kw>
<msg timestamp="20210913 15:50:47.488" level="FAIL">Element '//*[@id="content"]/div/div[2]/table/tbody/tr[2]/td[1]/span' did not appear in 5 seconds.</msg>
<status status="FAIL" starttime="20210913 15:50:36.844" endtime="20210913 15:50:47.488"/>
</kw>
<msg timestamp="20210913 15:50:47.488" level="INFO">${IsElementVisible} = False</msg>
<status status="PASS" starttime="20210913 15:50:36.843" endtime="20210913 15:50:47.488"/>
</kw>
<if>
<branch type="IF" condition="${IsElementVisible} == ${True}">
<kw name="Log To Console" library="BuiltIn">
<arg>${message1}</arg>
<doc>Logs the given message to the console.</doc>
<status status="NOT RUN" starttime="20210913 15:50:47.488" endtime="20210913 15:50:47.488"/>
</kw>
<kw name="Set Variable" library="BuiltIn">
<var>${value}</var>
<arg>0</arg>
<doc>Returns the given values which can then be assigned to a variables.</doc>
<status status="NOT RUN" starttime="20210913 15:50:47.488" endtime="20210913 15:50:47.488"/>
</kw>
<kw name="Set Variable" library="BuiltIn">
<var>${message}</var>
<arg>${message1}</arg>
<doc>Returns the given values which can then be assigned to a variables.</doc>
<status status="NOT RUN" starttime="20210913 15:50:47.488" endtime="20210913 15:50:47.488"/>
</kw>
<status status="NOT RUN" starttime="20210913 15:50:47.488" endtime="20210913 15:50:47.488"/>
</branch>
<branch type="ELSE">
<kw name="Run Keyword And Return Status" library="BuiltIn">
<var>${condition}</var>
<arg>Wait Until Page Contains Element</arg>
<arg>${systeminfo_failed_H001}</arg>
<doc>Runs the given keyword with given arguments and returns the status as a Boolean value.</doc>
<kw name="Wait Until Page Contains Element" library="Selenium2Library">
<arg>${systeminfo_failed_H001}</arg>
<doc>Waits until the element ``locator`` appears on the current page.</doc>
<status status="PASS" starttime="20210913 15:50:47.489" endtime="20210913 15:50:47.497"/>
</kw>
<msg timestamp="20210913 15:50:47.497" level="INFO">${condition} = True</msg>
<status status="PASS" starttime="20210913 15:50:47.489" endtime="20210913 15:50:47.497"/>
</kw>
<if>
<branch type="IF" condition="${condition} == ${True}">
<kw name="Log To Console" library="BuiltIn">
<arg>${message2}</arg>
<doc>Logs the given message to the console.</doc>
<status status="PASS" starttime="20210913 15:50:47.497" endtime="20210913 15:50:47.498"/>
</kw>
<kw name="Set Variable" library="BuiltIn">
<var>${value}</var>
<arg>1</arg>
<doc>Returns the given values which can then be assigned to a variables.</doc>
<msg timestamp="20210913 15:50:47.498" level="INFO">${value} = 1</msg>
<status status="PASS" starttime="20210913 15:50:47.498" endtime="20210913 15:50:47.498"/>
</kw>
<kw name="Set Variable" library="BuiltIn">
<var>${message}</var>
<arg>${message2}</arg>
<doc>Returns the given values which can then be assigned to a variables.</doc>
<msg timestamp="20210913 15:50:47.498" level="INFO">${message} = FAILED , Issue1 : Page contained H001_022/Hxxx</msg>
<status status="PASS" starttime="20210913 15:50:47.498" endtime="20210913 15:50:47.498"/>
</kw>
<status status="PASS" starttime="20210913 15:50:47.497" endtime="20210913 15:50:47.498"/>
</branch>
<branch type="ELSE">
<kw name="Log To Console" library="BuiltIn">
<arg>${message3}</arg>
<doc>Logs the given message to the console.</doc>
<status status="NOT RUN" starttime="20210913 15:50:47.498" endtime="20210913 15:50:47.498"/>
</kw>
<kw name="Set Variable" library="BuiltIn">
<var>${value}</var>
<arg>2</arg>
<doc>Returns the given values which can then be assigned to a variables.</doc>
<status status="NOT RUN" starttime="20210913 15:50:47.498" endtime="20210913 15:50:47.499"/>
</kw>
<kw name="Set Variable" library="BuiltIn">
<var>${message}</var>
<arg>${message3}</arg>
<doc>Returns the given values which can then be assigned to a variables.</doc>
<status status="NOT RUN" starttime="20210913 15:50:47.499" endtime="20210913 15:50:47.499"/>
</kw>
<status status="NOT RUN" starttime="20210913 15:50:47.498" endtime="20210913 15:50:47.499"/>
</branch>
<status status="PASS" starttime="20210913 15:50:47.497" endtime="20210913 15:50:47.499"/>
</if>
<status status="PASS" starttime="20210913 15:50:47.489" endtime="20210913 15:50:47.499"/>
</branch>
<status status="PASS" starttime="20210913 15:50:47.488" endtime="20210913 15:50:47.499"/>
</if>
<msg timestamp="20210913 15:50:47.499" level="INFO">${result} = ['1', 'FAILED , Issue1 : Page contained H001_022/Hxxx']</msg>
<status status="PASS" starttime="20210913 15:50:36.825" endtime="20210913 15:50:47.499"/>
</kw>
<kw name="Set Suite Variable" library="BuiltIn">
<arg>${write_result}</arg>
<arg>Running for ${i} times : ${result}[1]</arg>
<doc>Makes a variable available everywhere within the scope of the current suite.</doc>
<msg timestamp="20210913 15:50:47.500" level="INFO">${write_result} = Running for 1 times : FAILED , Issue1 : Page contained H001_022/Hxxx</msg>
<status status="PASS" starttime="20210913 15:50:47.499" endtime="20210913 15:50:47.500"/>
</kw>
<kw name="write result to file">
<kw name="Create File" library="OperatingSystem">
<arg>{PATH}</arg>
<arg>encoding=UTF-8</arg>
<doc>Creates a file with the given content and encoding.</doc>
<msg timestamp="20210913 15:50:47.501" level="INFO" html="true">Created file '&lt;a href="file://E:\Projects\Robot\switch_login_verification\{PATH}"&gt;E:\Projects\Robot\switch_login_verification\{PATH}&lt;/a&gt;'.</msg>
<status status="PASS" starttime="20210913 15:50:47.500" endtime="20210913 15:50:47.501"/>
</kw>
<kw name="Append To File" library="OperatingSystem">
<arg>result.txt</arg>
<arg>${write_result}${\n}</arg>
<arg>UTF-8</arg>
<doc>Appends the given content to the specified file.</doc>
<msg timestamp="20210913 15:50:47.501" level="INFO" html="true">Appended to file '&lt;a href="file://E:\Projects\Robot\switch_login_verification\result.txt"&gt;E:\Projects\Robot\switch_login_verification\result.txt&lt;/a&gt;'.</msg>
<status status="PASS" starttime="20210913 15:50:47.501" endtime="20210913 15:50:47.502"/>
</kw>
<status status="PASS" starttime="20210913 15:50:47.500" endtime="20210913 15:50:47.502"/>
</kw>
<kw name="Sleep" library="BuiltIn">
<arg>3</arg>
<doc>Pauses the test executed for the given time.</doc>
<msg timestamp="20210913 15:50:50.511" level="INFO">Slept 3 seconds</msg>
<status status="PASS" starttime="20210913 15:50:47.502" endtime="20210913 15:50:50.511"/>
</kw>
<status status="PASS" starttime="20210913 15:50:36.825" endtime="20210913 15:50:50.511"/>
</branch>
<branch type="ELSE">
<kw name="Log To Console" library="BuiltIn">
<arg>Unable to login to system page , skip the test</arg>
<doc>Logs the given message to the console.</doc>
<status status="NOT RUN" starttime="20210913 15:50:50.511" endtime="20210913 15:50:50.511"/>
</kw>
<status status="NOT RUN" starttime="20210913 15:50:50.511" endtime="20210913 15:50:50.511"/>
</branch>
<status status="PASS" starttime="20210913 15:50:36.825" endtime="20210913 15:50:50.511"/>
</if>
<status status="PASS" starttime="20210913 15:50:16.884" endtime="20210913 15:50:50.511"/>
</branch>
<branch type="ELSE">
<kw name="Evaluate" library="BuiltIn">
<var>${counter}</var>
<arg>${i} + 1</arg>
<doc>Evaluates the given expression in Python and returns the result.</doc>
<status status="NOT RUN" starttime="20210913 15:50:50.512" endtime="20210913 15:50:50.512"/>
</kw>
<kw name="Log To Console" library="BuiltIn">
<arg>${message4}</arg>
<doc>Logs the given message to the console.</doc>
<status status="NOT RUN" starttime="20210913 15:50:50.512" endtime="20210913 15:50:50.512"/>
</kw>
<kw name="Log To Console" library="BuiltIn">
<arg>Waiting for DUT rebooting for 60 sec</arg>
<doc>Logs the given message to the console.</doc>
<status status="NOT RUN" starttime="20210913 15:50:50.512" endtime="20210913 15:50:50.512"/>
</kw>
<kw name="Sleep" library="BuiltIn">
<arg>60</arg>
<doc>Pauses the test executed for the given time.</doc>
<status status="NOT RUN" starttime="20210913 15:50:50.512" endtime="20210913 15:50:50.512"/>
</kw>
<kw name="Set Suite Variable" library="BuiltIn">
<arg>${write_result}</arg>
<arg>${message4}</arg>
<doc>Makes a variable available everywhere within the scope of the current suite.</doc>
<status status="NOT RUN" starttime="20210913 15:50:50.512" endtime="20210913 15:50:50.512"/>
</kw>
<kw name="write result to file">
<status status="NOT RUN" starttime="20210913 15:50:50.512" endtime="20210913 15:50:50.512"/>
</kw>
<status status="NOT RUN" starttime="20210913 15:50:50.511" endtime="20210913 15:50:50.512"/>
</branch>
<status status="PASS" starttime="20210913 15:50:16.883" endtime="20210913 15:50:50.512"/>
</if>
<kw name="Exit For Loop If" library="BuiltIn">
<arg>${counter} &gt; ${loop_times}</arg>
<doc>Stops executing the enclosing for loop if the ``condition`` is true.</doc>
<status status="PASS" starttime="20210913 15:50:50.512" endtime="20210913 15:50:50.513"/>
</kw>
<status status="PASS" starttime="20210913 15:50:13.814" endtime="20210913 15:50:50.513"/>
</iter>
<iter>
<var name="${i}">2</var>
<kw name="Log To Console" library="BuiltIn">
<arg>Running for ${i} times</arg>
<doc>Logs the given message to the console.</doc>
<status status="PASS" starttime="20210913 15:50:50.513" endtime="20210913 15:50:50.514"/>
</kw>
<kw name="Ping test">
<var>${status}</var>
<kw name="Run Process" library="Process">
<var>${result}</var>
<arg>ping ${dut_ip} -c 1</arg>
<arg>shell=True</arg>
<arg>stdout=stdout.txt</arg>
<arg>output_encoding=UTF-8</arg>
<doc>Runs a process and waits for it to complete.</doc>
<msg timestamp="20210913 15:50:50.514" level="INFO">Starting process:
ping 10.3.4.19 -c 1</msg>
<msg timestamp="20210913 15:50:50.518" level="INFO">Waiting for process to complete.</msg>
<msg timestamp="20210913 15:50:53.574" level="INFO">Process completed.</msg>
<msg timestamp="20210913 15:50:53.574" level="INFO">${result} = &lt;result object with rc 0&gt;</msg>
<status status="PASS" starttime="20210913 15:50:50.514" endtime="20210913 15:50:53.574"/>
</kw>
<kw name="Get File" library="OperatingSystem">
<var>${TextFileContent}</var>
<arg>stdout.txt</arg>
<arg>encoding=UTF-8</arg>
<arg>encoding_errors=strict</arg>
<doc>Returns the contents of a specified file.</doc>
<msg timestamp="20210913 15:50:53.574" level="INFO" html="true">Getting file '&lt;a href="file://E:\Projects\Robot\switch_login_verification\stdout.txt"&gt;E:\Projects\Robot\switch_login_verification\stdout.txt&lt;/a&gt;'.</msg>
<msg timestamp="20210913 15:50:53.575" level="INFO">${TextFileContent} = 
Pinging 10.3.4.19 with 32 bytes of data:
Reply from 10.3.4.19: bytes=32 time=2ms TTL=64
Reply from 10.3.4.19: bytes=32 time=2ms TTL=64
Reply from 10.3.4.19: bytes=32 time=3ms TTL=64
Reply from 10.3.4...</msg>
<status status="PASS" starttime="20210913 15:50:53.574" endtime="20210913 15:50:53.575"/>
</kw>
<kw name="Log To Console" library="BuiltIn">
<arg>${TextFileContent}</arg>
<doc>Logs the given message to the console.</doc>
<status status="PASS" starttime="20210913 15:50:53.575" endtime="20210913 15:50:53.577"/>
</kw>
<kw name="Run Keyword And Return Status" library="BuiltIn">
<var>${status}</var>
<arg>Should Contain Any</arg>
<arg>${TextFileContent}</arg>
<arg>Reply from</arg>
<doc>Runs the given keyword with given arguments and returns the status as a Boolean value.</doc>
<kw name="Should Contain Any" library="BuiltIn">
<arg>${TextFileContent}</arg>
<arg>Reply from</arg>
<doc>Fails if ``container`` does not contain any of the ``*items``.</doc>
<status status="PASS" starttime="20210913 15:50:53.577" endtime="20210913 15:50:53.584"/>
</kw>
<msg timestamp="20210913 15:50:53.584" level="INFO">${status} = True</msg>
<status status="PASS" starttime="20210913 15:50:53.577" endtime="20210913 15:50:53.584"/>
</kw>
<msg timestamp="20210913 15:50:53.584" level="INFO">${status} = True</msg>
<status status="PASS" starttime="20210913 15:50:50.514" endtime="20210913 15:50:53.584"/>
</kw>
<if>
<branch type="IF" condition="${status} == ${True}">
<kw name="Evaluate" library="BuiltIn">
<var>${counter}</var>
<arg>${i} + 1</arg>
<doc>Evaluates the given expression in Python and returns the result.</doc>
<msg timestamp="20210913 15:50:53.584" level="INFO">${counter} = 3</msg>
<status status="PASS" starttime="20210913 15:50:53.584" endtime="20210913 15:50:53.584"/>
</kw>
<kw name="Log To Console" library="BuiltIn">
<arg>Ping ok , Continue the Testing...</arg>
<doc>Logs the given message to the console.</doc>
<status status="PASS" starttime="20210913 15:50:53.584" endtime="20210913 15:50:53.585"/>
</kw>
<kw name="login to dut">
<var>${login_status}</var>
<kw name="Go To" library="Selenium2Library">
<arg>${url}</arg>
<doc>Navigates the current browser window to the provided ``url``.</doc>
<msg timestamp="20210913 15:50:53.585" level="INFO">Opening url 'https://10.3.4.19'</msg>
<status status="PASS" starttime="20210913 15:50:53.585" endtime="20210913 15:50:55.571"/>
</kw>
<kw name="Sleep" library="BuiltIn">
<arg>5</arg>
<doc>Pauses the test executed for the given time.</doc>
<msg timestamp="20210913 15:51:00.573" level="INFO">Slept 5 seconds</msg>
<status status="PASS" starttime="20210913 15:50:55.571" endtime="20210913 15:51:00.574"/>
</kw>
<kw name="Wait Until Page Contains" library="Selenium2Library">
<arg>Password</arg>
<arg>30</arg>
<doc>Waits until ``text`` appears on the current page.</doc>
<status status="PASS" starttime="20210913 15:51:00.574" endtime="20210913 15:51:00.604"/>
</kw>
<kw name="Input Text" library="Selenium2Library">
<arg>${User_xpath}</arg>
<arg>${User_value}</arg>
<doc>Types the given ``text`` into the text field identified by ``locator``.</doc>
<msg timestamp="20210913 15:51:00.607" level="INFO">Typing text 'adpro' into text field '//input[@id='Login']'.</msg>
<status status="PASS" starttime="20210913 15:51:00.605" endtime="20210913 15:51:00.776"/>
</kw>
<kw name="Sleep" library="BuiltIn">
<arg>1</arg>
<doc>Pauses the test executed for the given time.</doc>
<msg timestamp="20210913 15:51:01.792" level="INFO">Slept 1 second</msg>
<status status="PASS" starttime="20210913 15:51:00.777" endtime="20210913 15:51:01.792"/>
</kw>
<kw name="Input Text" library="Selenium2Library">
<arg>${Password_xpath}</arg>
<arg>${Password_value}</arg>
<doc>Types the given ``text`` into the text field identified by ``locator``.</doc>
<msg timestamp="20210913 15:51:01.794" level="INFO">Typing text '' into text field '//input[@id='Password']'.</msg>
<status status="PASS" starttime="20210913 15:51:01.793" endtime="20210913 15:51:01.854"/>
</kw>
<kw name="Sleep" library="BuiltIn">
<arg>1</arg>
<doc>Pauses the test executed for the given time.</doc>
<msg timestamp="20210913 15:51:02.858" level="INFO">Slept 1 second</msg>
<status status="PASS" starttime="20210913 15:51:01.855" endtime="20210913 15:51:02.858"/>
</kw>
<kw name="Click Button" library="Selenium2Library">
<arg>${login_button}</arg>
<doc>Clicks the button identified by ``locator``.</doc>
<msg timestamp="20210913 15:51:02.860" level="INFO">Clicking button '//button[@id='login_ok']'.</msg>
<status status="PASS" starttime="20210913 15:51:02.859" endtime="20210913 15:51:09.624"/>
</kw>
<kw name="Sleep" library="BuiltIn">
<arg>3</arg>
<doc>Pauses the test executed for the given time.</doc>
<msg timestamp="20210913 15:51:12.626" level="INFO">Slept 3 seconds</msg>
<status status="PASS" starttime="20210913 15:51:09.624" endtime="20210913 15:51:12.626"/>
</kw>
<kw name="Handle Alert" library="Selenium2Library">
<var>${alert_message}</var>
<arg>action=ACCEPT</arg>
<arg>timeout=10</arg>
<doc>Handles the current alert and returns its message.</doc>
<msg timestamp="20210913 15:51:12.627" level="INFO">HANDLE::&lt;class 'datetime.timedelta'&gt;::0:00:10</msg>
<msg timestamp="20210913 15:51:12.640" level="INFO">${alert_message} = No password has been set. Please set a password for security.</msg>
<status status="PASS" starttime="20210913 15:51:12.627" endtime="20210913 15:51:12.640"/>
</kw>
<kw name="Run Keyword And Return Status" library="BuiltIn">
<var>${status}</var>
<arg>Wait Until Element Is Visible</arg>
<arg>myframe</arg>
<doc>Runs the given keyword with given arguments and returns the status as a Boolean value.</doc>
<kw name="Wait Until Element Is Visible" library="Selenium2Library">
<arg>myframe</arg>
<doc>Waits until the element ``locator`` is visible.</doc>
<status status="PASS" starttime="20210913 15:51:12.641" endtime="20210913 15:51:18.834"/>
</kw>
<msg timestamp="20210913 15:51:18.834" level="INFO">${status} = True</msg>
<status status="PASS" starttime="20210913 15:51:12.640" endtime="20210913 15:51:18.834"/>
</kw>
<msg timestamp="20210913 15:51:18.834" level="INFO">${login_status} = [True, 'No password has been set. Please set a password for security.']</msg>
<status status="PASS" starttime="20210913 15:50:53.585" endtime="20210913 15:51:18.834"/>
</kw>
<kw name="Log To Console" library="BuiltIn">
<arg>${login_status}</arg>
<doc>Logs the given message to the console.</doc>
<status status="PASS" starttime="20210913 15:51:18.834" endtime="20210913 15:51:18.835"/>
</kw>
<if>
<branch type="IF" condition="${login_status}[0] == ${True}">
<kw name="check login successed">
<var>${result}</var>
<kw name="Select Frame" library="Selenium2Library">
<arg>myframe</arg>
<doc>Sets frame identified by ``locator`` as the current frame.</doc>
<msg timestamp="20210913 15:51:18.835" level="INFO">Selecting frame 'myframe'.</msg>
<status status="PASS" starttime="20210913 15:51:18.835" endtime="20210913 15:51:18.853"/>
</kw>
<kw name="Run Keyword And Return Status" library="BuiltIn">
<var>${IsElementVisible}</var>
<arg>Wait Until Page Contains Element</arg>
<arg>${systemUP}</arg>
<doc>Runs the given keyword with given arguments and returns the status as a Boolean value.</doc>
<kw name="Wait Until Page Contains Element" library="Selenium2Library">
<arg>${systemUP}</arg>
<doc>Waits until the element ``locator`` appears on the current page.</doc>
<status status="PASS" starttime="20210913 15:51:18.853" endtime="20210913 15:51:18.861"/>
</kw>
<msg timestamp="20210913 15:51:18.861" level="INFO">${IsElementVisible} = True</msg>
<status status="PASS" starttime="20210913 15:51:18.853" endtime="20210913 15:51:18.861"/>
</kw>
<if>
<branch type="IF" condition="${IsElementVisible} == ${True}">
<kw name="Log To Console" library="BuiltIn">
<arg>${message1}</arg>
<doc>Logs the given message to the console.</doc>
<status status="PASS" starttime="20210913 15:51:18.861" endtime="20210913 15:51:18.861"/>
</kw>
<kw name="Set Variable" library="BuiltIn">
<var>${value}</var>
<arg>0</arg>
<doc>Returns the given values which can then be assigned to a variables.</doc>
<msg timestamp="20210913 15:51:18.862" level="INFO">${value} = 0</msg>
<status status="PASS" starttime="20210913 15:51:18.862" endtime="20210913 15:51:18.862"/>
</kw>
<kw name="Set Variable" library="BuiltIn">
<var>${message}</var>
<arg>${message1}</arg>
<doc>Returns the given values which can then be assigned to a variables.</doc>
<msg timestamp="20210913 15:51:18.862" level="INFO">${message} = PASSED , Login successed</msg>
<status status="PASS" starttime="20210913 15:51:18.862" endtime="20210913 15:51:18.862"/>
</kw>
<status status="PASS" starttime="20210913 15:51:18.861" endtime="20210913 15:51:18.862"/>
</branch>
<branch type="ELSE">
<kw name="Run Keyword And Return Status" library="BuiltIn">
<var>${condition}</var>
<arg>Wait Until Page Contains Element</arg>
<arg>${systeminfo_failed_H001}</arg>
<doc>Runs the given keyword with given arguments and returns the status as a Boolean value.</doc>
<status status="NOT RUN" starttime="20210913 15:51:18.862" endtime="20210913 15:51:18.862"/>
</kw>
<if>
<branch type="IF" condition="${condition} == ${True}">
<kw name="Log To Console" library="BuiltIn">
<arg>${message2}</arg>
<doc>Logs the given message to the console.</doc>
<status status="NOT RUN" starttime="20210913 15:51:18.862" endtime="20210913 15:51:18.862"/>
</kw>
<kw name="Set Variable" library="BuiltIn">
<var>${value}</var>
<arg>1</arg>
<doc>Returns the given values which can then be assigned to a variables.</doc>
<status status="NOT RUN" starttime="20210913 15:51:18.862" endtime="20210913 15:51:18.862"/>
</kw>
<kw name="Set Variable" library="BuiltIn">
<var>${message}</var>
<arg>${message2}</arg>
<doc>Returns the given values which can then be assigned to a variables.</doc>
<status status="NOT RUN" starttime="20210913 15:51:18.863" endtime="20210913 15:51:18.863"/>
</kw>
<status status="NOT RUN" starttime="20210913 15:51:18.862" endtime="20210913 15:51:18.863"/>
</branch>
<branch type="ELSE">
<kw name="Log To Console" library="BuiltIn">
<arg>${message3}</arg>
<doc>Logs the given message to the console.</doc>
<status status="NOT RUN" starttime="20210913 15:51:18.863" endtime="20210913 15:51:18.863"/>
</kw>
<kw name="Set Variable" library="BuiltIn">
<var>${value}</var>
<arg>2</arg>
<doc>Returns the given values which can then be assigned to a variables.</doc>
<status status="NOT RUN" starttime="20210913 15:51:18.863" endtime="20210913 15:51:18.863"/>
</kw>
<kw name="Set Variable" library="BuiltIn">
<var>${message}</var>
<arg>${message3}</arg>
<doc>Returns the given values which can then be assigned to a variables.</doc>
<status status="NOT RUN" starttime="20210913 15:51:18.863" endtime="20210913 15:51:18.863"/>
</kw>
<status status="NOT RUN" starttime="20210913 15:51:18.863" endtime="20210913 15:51:18.863"/>
</branch>
<status status="NOT RUN" starttime="20210913 15:51:18.862" endtime="20210913 15:51:18.863"/>
</if>
<status status="NOT RUN" starttime="20210913 15:51:18.862" endtime="20210913 15:51:18.863"/>
</branch>
<status status="PASS" starttime="20210913 15:51:18.861" endtime="20210913 15:51:18.863"/>
</if>
<msg timestamp="20210913 15:51:18.863" level="INFO">${result} = ['0', 'PASSED , Login successed']</msg>
<status status="PASS" starttime="20210913 15:51:18.835" endtime="20210913 15:51:18.863"/>
</kw>
<kw name="Set Suite Variable" library="BuiltIn">
<arg>${write_result}</arg>
<arg>Running for ${i} times : ${result}[1]</arg>
<doc>Makes a variable available everywhere within the scope of the current suite.</doc>
<msg timestamp="20210913 15:51:18.864" level="INFO">${write_result} = Running for 2 times : PASSED , Login successed</msg>
<status status="PASS" starttime="20210913 15:51:18.863" endtime="20210913 15:51:18.864"/>
</kw>
<kw name="write result to file">
<kw name="Create File" library="OperatingSystem">
<arg>{PATH}</arg>
<arg>encoding=UTF-8</arg>
<doc>Creates a file with the given content and encoding.</doc>
<msg timestamp="20210913 15:51:18.864" level="INFO" html="true">Created file '&lt;a href="file://E:\Projects\Robot\switch_login_verification\{PATH}"&gt;E:\Projects\Robot\switch_login_verification\{PATH}&lt;/a&gt;'.</msg>
<status status="PASS" starttime="20210913 15:51:18.864" endtime="20210913 15:51:18.864"/>
</kw>
<kw name="Append To File" library="OperatingSystem">
<arg>result.txt</arg>
<arg>${write_result}${\n}</arg>
<arg>UTF-8</arg>
<doc>Appends the given content to the specified file.</doc>
<msg timestamp="20210913 15:51:18.865" level="INFO" html="true">Appended to file '&lt;a href="file://E:\Projects\Robot\switch_login_verification\result.txt"&gt;E:\Projects\Robot\switch_login_verification\result.txt&lt;/a&gt;'.</msg>
<status status="PASS" starttime="20210913 15:51:18.865" endtime="20210913 15:51:18.865"/>
</kw>
<status status="PASS" starttime="20210913 15:51:18.864" endtime="20210913 15:51:18.865"/>
</kw>
<kw name="Sleep" library="BuiltIn">
<arg>3</arg>
<doc>Pauses the test executed for the given time.</doc>
<msg timestamp="20210913 15:51:21.874" level="INFO">Slept 3 seconds</msg>
<status status="PASS" starttime="20210913 15:51:18.865" endtime="20210913 15:51:21.874"/>
</kw>
<status status="PASS" starttime="20210913 15:51:18.835" endtime="20210913 15:51:21.874"/>
</branch>
<branch type="ELSE">
<kw name="Log To Console" library="BuiltIn">
<arg>Unable to login to system page , skip the test</arg>
<doc>Logs the given message to the console.</doc>
<status status="NOT RUN" starttime="20210913 15:51:21.875" endtime="20210913 15:51:21.875"/>
</kw>
<status status="NOT RUN" starttime="20210913 15:51:21.875" endtime="20210913 15:51:21.875"/>
</branch>
<status status="PASS" starttime="20210913 15:51:18.835" endtime="20210913 15:51:21.875"/>
</if>
<status status="PASS" starttime="20210913 15:50:53.584" endtime="20210913 15:51:21.876"/>
</branch>
<branch type="ELSE">
<kw name="Evaluate" library="BuiltIn">
<var>${counter}</var>
<arg>${i} + 1</arg>
<doc>Evaluates the given expression in Python and returns the result.</doc>
<status status="NOT RUN" starttime="20210913 15:51:21.876" endtime="20210913 15:51:21.876"/>
</kw>
<kw name="Log To Console" library="BuiltIn">
<arg>${message4}</arg>
<doc>Logs the given message to the console.</doc>
<status status="NOT RUN" starttime="20210913 15:51:21.877" endtime="20210913 15:51:21.877"/>
</kw>
<kw name="Log To Console" library="BuiltIn">
<arg>Waiting for DUT rebooting for 60 sec</arg>
<doc>Logs the given message to the console.</doc>
<status status="NOT RUN" starttime="20210913 15:51:21.877" endtime="20210913 15:51:21.877"/>
</kw>
<kw name="Sleep" library="BuiltIn">
<arg>60</arg>
<doc>Pauses the test executed for the given time.</doc>
<status status="NOT RUN" starttime="20210913 15:51:21.877" endtime="20210913 15:51:21.878"/>
</kw>
<kw name="Set Suite Variable" library="BuiltIn">
<arg>${write_result}</arg>
<arg>${message4}</arg>
<doc>Makes a variable available everywhere within the scope of the current suite.</doc>
<status status="NOT RUN" starttime="20210913 15:51:21.878" endtime="20210913 15:51:21.878"/>
</kw>
<kw name="write result to file">
<status status="NOT RUN" starttime="20210913 15:51:21.878" endtime="20210913 15:51:21.879"/>
</kw>
<status status="NOT RUN" starttime="20210913 15:51:21.876" endtime="20210913 15:51:21.879"/>
</branch>
<status status="PASS" starttime="20210913 15:50:53.584" endtime="20210913 15:51:21.879"/>
</if>
<kw name="Exit For Loop If" library="BuiltIn">
<arg>${counter} &gt; ${loop_times}</arg>
<doc>Stops executing the enclosing for loop if the ``condition`` is true.</doc>
<status status="PASS" starttime="20210913 15:51:21.879" endtime="20210913 15:51:21.879"/>
</kw>
<status status="PASS" starttime="20210913 15:50:50.513" endtime="20210913 15:51:21.879"/>
</iter>
<iter>
<var name="${i}">3</var>
<kw name="Log To Console" library="BuiltIn">
<arg>Running for ${i} times</arg>
<doc>Logs the given message to the console.</doc>
<status status="PASS" starttime="20210913 15:51:21.879" endtime="20210913 15:51:21.880"/>
</kw>
<kw name="Ping test">
<var>${status}</var>
<kw name="Run Process" library="Process">
<var>${result}</var>
<arg>ping ${dut_ip} -c 1</arg>
<arg>shell=True</arg>
<arg>stdout=stdout.txt</arg>
<arg>output_encoding=UTF-8</arg>
<doc>Runs a process and waits for it to complete.</doc>
<msg timestamp="20210913 15:51:21.881" level="INFO">Starting process:
ping 10.3.4.19 -c 1</msg>
<msg timestamp="20210913 15:51:21.884" level="INFO">Waiting for process to complete.</msg>
<msg timestamp="20210913 15:51:24.931" level="INFO">Process completed.</msg>
<msg timestamp="20210913 15:51:24.931" level="INFO">${result} = &lt;result object with rc 0&gt;</msg>
<status status="PASS" starttime="20210913 15:51:21.880" endtime="20210913 15:51:24.932"/>
</kw>
<kw name="Get File" library="OperatingSystem">
<var>${TextFileContent}</var>
<arg>stdout.txt</arg>
<arg>encoding=UTF-8</arg>
<arg>encoding_errors=strict</arg>
<doc>Returns the contents of a specified file.</doc>
<msg timestamp="20210913 15:51:24.932" level="INFO" html="true">Getting file '&lt;a href="file://E:\Projects\Robot\switch_login_verification\stdout.txt"&gt;E:\Projects\Robot\switch_login_verification\stdout.txt&lt;/a&gt;'.</msg>
<msg timestamp="20210913 15:51:24.932" level="INFO">${TextFileContent} = 
Pinging 10.3.4.19 with 32 bytes of data:
Reply from 10.3.4.19: bytes=32 time=3ms TTL=64
Reply from 10.3.4.19: bytes=32 time=3ms TTL=64
Reply from 10.3.4.19: bytes=32 time=3ms TTL=64
Reply from 10.3.4...</msg>
<status status="PASS" starttime="20210913 15:51:24.932" endtime="20210913 15:51:24.932"/>
</kw>
<kw name="Log To Console" library="BuiltIn">
<arg>${TextFileContent}</arg>
<doc>Logs the given message to the console.</doc>
<status status="PASS" starttime="20210913 15:51:24.933" endtime="20210913 15:51:24.935"/>
</kw>
<kw name="Run Keyword And Return Status" library="BuiltIn">
<var>${status}</var>
<arg>Should Contain Any</arg>
<arg>${TextFileContent}</arg>
<arg>Reply from</arg>
<doc>Runs the given keyword with given arguments and returns the status as a Boolean value.</doc>
<kw name="Should Contain Any" library="BuiltIn">
<arg>${TextFileContent}</arg>
<arg>Reply from</arg>
<doc>Fails if ``container`` does not contain any of the ``*items``.</doc>
<status status="PASS" starttime="20210913 15:51:24.935" endtime="20210913 15:51:24.935"/>
</kw>
<msg timestamp="20210913 15:51:24.935" level="INFO">${status} = True</msg>
<status status="PASS" starttime="20210913 15:51:24.935" endtime="20210913 15:51:24.935"/>
</kw>
<msg timestamp="20210913 15:51:24.936" level="INFO">${status} = True</msg>
<status status="PASS" starttime="20210913 15:51:21.880" endtime="20210913 15:51:24.936"/>
</kw>
<if>
<branch type="IF" condition="${status} == ${True}">
<kw name="Evaluate" library="BuiltIn">
<var>${counter}</var>
<arg>${i} + 1</arg>
<doc>Evaluates the given expression in Python and returns the result.</doc>
<msg timestamp="20210913 15:51:24.936" level="INFO">${counter} = 4</msg>
<status status="PASS" starttime="20210913 15:51:24.936" endtime="20210913 15:51:24.936"/>
</kw>
<kw name="Log To Console" library="BuiltIn">
<arg>Ping ok , Continue the Testing...</arg>
<doc>Logs the given message to the console.</doc>
<status status="PASS" starttime="20210913 15:51:24.936" endtime="20210913 15:51:24.936"/>
</kw>
<kw name="login to dut">
<var>${login_status}</var>
<kw name="Go To" library="Selenium2Library">
<arg>${url}</arg>
<doc>Navigates the current browser window to the provided ``url``.</doc>
<msg timestamp="20210913 15:51:24.937" level="INFO">Opening url 'https://10.3.4.19'</msg>
<status status="PASS" starttime="20210913 15:51:24.937" endtime="20210913 15:51:26.894"/>
</kw>
<kw name="Sleep" library="BuiltIn">
<arg>5</arg>
<doc>Pauses the test executed for the given time.</doc>
<msg timestamp="20210913 15:51:31.898" level="INFO">Slept 5 seconds</msg>
<status status="PASS" starttime="20210913 15:51:26.894" endtime="20210913 15:51:31.898"/>
</kw>
<kw name="Wait Until Page Contains" library="Selenium2Library">
<arg>Password</arg>
<arg>30</arg>
<doc>Waits until ``text`` appears on the current page.</doc>
<status status="PASS" starttime="20210913 15:51:31.899" endtime="20210913 15:51:31.914"/>
</kw>
<kw name="Input Text" library="Selenium2Library">
<arg>${User_xpath}</arg>
<arg>${User_value}</arg>
<doc>Types the given ``text`` into the text field identified by ``locator``.</doc>
<msg timestamp="20210913 15:51:31.914" level="INFO">Typing text 'adpro' into text field '//input[@id='Login']'.</msg>
<status status="PASS" starttime="20210913 15:51:31.914" endtime="20210913 15:51:31.974"/>
</kw>
<kw name="Sleep" library="BuiltIn">
<arg>1</arg>
<doc>Pauses the test executed for the given time.</doc>
<msg timestamp="20210913 15:51:32.982" level="INFO">Slept 1 second</msg>
<status status="PASS" starttime="20210913 15:51:31.974" endtime="20210913 15:51:32.982"/>
</kw>
<kw name="Input Text" library="Selenium2Library">
<arg>${Password_xpath}</arg>
<arg>${Password_value}</arg>
<doc>Types the given ``text`` into the text field identified by ``locator``.</doc>
<msg timestamp="20210913 15:51:32.982" level="INFO">Typing text '' into text field '//input[@id='Password']'.</msg>
<status status="PASS" starttime="20210913 15:51:32.982" endtime="20210913 15:51:33.035"/>
</kw>
<kw name="Sleep" library="BuiltIn">
<arg>1</arg>
<doc>Pauses the test executed for the given time.</doc>
<msg timestamp="20210913 15:51:34.050" level="INFO">Slept 1 second</msg>
<status status="PASS" starttime="20210913 15:51:33.036" endtime="20210913 15:51:34.050"/>
</kw>
<kw name="Click Button" library="Selenium2Library">
<arg>${login_button}</arg>
<doc>Clicks the button identified by ``locator``.</doc>
<msg timestamp="20210913 15:51:34.051" level="INFO">Clicking button '//button[@id='login_ok']'.</msg>
<status status="PASS" starttime="20210913 15:51:34.050" endtime="20210913 15:51:40.756"/>
</kw>
<kw name="Sleep" library="BuiltIn">
<arg>3</arg>
<doc>Pauses the test executed for the given time.</doc>
<msg timestamp="20210913 15:51:43.761" level="INFO">Slept 3 seconds</msg>
<status status="PASS" starttime="20210913 15:51:40.756" endtime="20210913 15:51:43.761"/>
</kw>
<kw name="Handle Alert" library="Selenium2Library">
<var>${alert_message}</var>
<arg>action=ACCEPT</arg>
<arg>timeout=10</arg>
<doc>Handles the current alert and returns its message.</doc>
<msg timestamp="20210913 15:51:43.763" level="INFO">HANDLE::&lt;class 'datetime.timedelta'&gt;::0:00:10</msg>
<msg timestamp="20210913 15:51:43.776" level="INFO">${alert_message} = No password has been set. Please set a password for security.</msg>
<status status="PASS" starttime="20210913 15:51:43.762" endtime="20210913 15:51:43.776"/>
</kw>
<kw name="Run Keyword And Return Status" library="BuiltIn">
<var>${status}</var>
<arg>Wait Until Element Is Visible</arg>
<arg>myframe</arg>
<doc>Runs the given keyword with given arguments and returns the status as a Boolean value.</doc>
<kw name="Wait Until Element Is Visible" library="Selenium2Library">
<arg>myframe</arg>
<doc>Waits until the element ``locator`` is visible.</doc>
<status status="PASS" starttime="20210913 15:51:43.777" endtime="20210913 15:51:48.640"/>
</kw>
<msg timestamp="20210913 15:51:48.640" level="INFO">${status} = True</msg>
<status status="PASS" starttime="20210913 15:51:43.776" endtime="20210913 15:51:48.640"/>
</kw>
<msg timestamp="20210913 15:51:48.640" level="INFO">${login_status} = [True, 'No password has been set. Please set a password for security.']</msg>
<status status="PASS" starttime="20210913 15:51:24.936" endtime="20210913 15:51:48.640"/>
</kw>
<kw name="Log To Console" library="BuiltIn">
<arg>${login_status}</arg>
<doc>Logs the given message to the console.</doc>
<status status="PASS" starttime="20210913 15:51:48.640" endtime="20210913 15:51:48.641"/>
</kw>
<if>
<branch type="IF" condition="${login_status}[0] == ${True}">
<kw name="check login successed">
<var>${result}</var>
<kw name="Select Frame" library="Selenium2Library">
<arg>myframe</arg>
<doc>Sets frame identified by ``locator`` as the current frame.</doc>
<msg timestamp="20210913 15:51:48.641" level="INFO">Selecting frame 'myframe'.</msg>
<status status="PASS" starttime="20210913 15:51:48.641" endtime="20210913 15:51:48.660"/>
</kw>
<kw name="Run Keyword And Return Status" library="BuiltIn">
<var>${IsElementVisible}</var>
<arg>Wait Until Page Contains Element</arg>
<arg>${systemUP}</arg>
<doc>Runs the given keyword with given arguments and returns the status as a Boolean value.</doc>
<kw name="Wait Until Page Contains Element" library="Selenium2Library">
<arg>${systemUP}</arg>
<doc>Waits until the element ``locator`` appears on the current page.</doc>
<status status="PASS" starttime="20210913 15:51:48.660" endtime="20210913 15:51:48.667"/>
</kw>
<msg timestamp="20210913 15:51:48.667" level="INFO">${IsElementVisible} = True</msg>
<status status="PASS" starttime="20210913 15:51:48.660" endtime="20210913 15:51:48.667"/>
</kw>
<if>
<branch type="IF" condition="${IsElementVisible} == ${True}">
<kw name="Log To Console" library="BuiltIn">
<arg>${message1}</arg>
<doc>Logs the given message to the console.</doc>
<status status="PASS" starttime="20210913 15:51:48.667" endtime="20210913 15:51:48.668"/>
</kw>
<kw name="Set Variable" library="BuiltIn">
<var>${value}</var>
<arg>0</arg>
<doc>Returns the given values which can then be assigned to a variables.</doc>
<msg timestamp="20210913 15:51:48.668" level="INFO">${value} = 0</msg>
<status status="PASS" starttime="20210913 15:51:48.668" endtime="20210913 15:51:48.668"/>
</kw>
<kw name="Set Variable" library="BuiltIn">
<var>${message}</var>
<arg>${message1}</arg>
<doc>Returns the given values which can then be assigned to a variables.</doc>
<msg timestamp="20210913 15:51:48.668" level="INFO">${message} = PASSED , Login successed</msg>
<status status="PASS" starttime="20210913 15:51:48.668" endtime="20210913 15:51:48.668"/>
</kw>
<status status="PASS" starttime="20210913 15:51:48.667" endtime="20210913 15:51:48.668"/>
</branch>
<branch type="ELSE">
<kw name="Run Keyword And Return Status" library="BuiltIn">
<var>${condition}</var>
<arg>Wait Until Page Contains Element</arg>
<arg>${systeminfo_failed_H001}</arg>
<doc>Runs the given keyword with given arguments and returns the status as a Boolean value.</doc>
<status status="NOT RUN" starttime="20210913 15:51:48.668" endtime="20210913 15:51:48.668"/>
</kw>
<if>
<branch type="IF" condition="${condition} == ${True}">
<kw name="Log To Console" library="BuiltIn">
<arg>${message2}</arg>
<doc>Logs the given message to the console.</doc>
<status status="NOT RUN" starttime="20210913 15:51:48.668" endtime="20210913 15:51:48.669"/>
</kw>
<kw name="Set Variable" library="BuiltIn">
<var>${value}</var>
<arg>1</arg>
<doc>Returns the given values which can then be assigned to a variables.</doc>
<status status="NOT RUN" starttime="20210913 15:51:48.669" endtime="20210913 15:51:48.669"/>
</kw>
<kw name="Set Variable" library="BuiltIn">
<var>${message}</var>
<arg>${message2}</arg>
<doc>Returns the given values which can then be assigned to a variables.</doc>
<status status="NOT RUN" starttime="20210913 15:51:48.669" endtime="20210913 15:51:48.669"/>
</kw>
<status status="NOT RUN" starttime="20210913 15:51:48.668" endtime="20210913 15:51:48.669"/>
</branch>
<branch type="ELSE">
<kw name="Log To Console" library="BuiltIn">
<arg>${message3}</arg>
<doc>Logs the given message to the console.</doc>
<status status="NOT RUN" starttime="20210913 15:51:48.669" endtime="20210913 15:51:48.669"/>
</kw>
<kw name="Set Variable" library="BuiltIn">
<var>${value}</var>
<arg>2</arg>
<doc>Returns the given values which can then be assigned to a variables.</doc>
<status status="NOT RUN" starttime="20210913 15:51:48.669" endtime="20210913 15:51:48.669"/>
</kw>
<kw name="Set Variable" library="BuiltIn">
<var>${message}</var>
<arg>${message3}</arg>
<doc>Returns the given values which can then be assigned to a variables.</doc>
<status status="NOT RUN" starttime="20210913 15:51:48.669" endtime="20210913 15:51:48.669"/>
</kw>
<status status="NOT RUN" starttime="20210913 15:51:48.669" endtime="20210913 15:51:48.669"/>
</branch>
<status status="NOT RUN" starttime="20210913 15:51:48.668" endtime="20210913 15:51:48.669"/>
</if>
<status status="NOT RUN" starttime="20210913 15:51:48.668" endtime="20210913 15:51:48.669"/>
</branch>
<status status="PASS" starttime="20210913 15:51:48.667" endtime="20210913 15:51:48.669"/>
</if>
<msg timestamp="20210913 15:51:48.669" level="INFO">${result} = ['0', 'PASSED , Login successed']</msg>
<status status="PASS" starttime="20210913 15:51:48.641" endtime="20210913 15:51:48.669"/>
</kw>
<kw name="Set Suite Variable" library="BuiltIn">
<arg>${write_result}</arg>
<arg>Running for ${i} times : ${result}[1]</arg>
<doc>Makes a variable available everywhere within the scope of the current suite.</doc>
<msg timestamp="20210913 15:51:48.670" level="INFO">${write_result} = Running for 3 times : PASSED , Login successed</msg>
<status status="PASS" starttime="20210913 15:51:48.670" endtime="20210913 15:51:48.670"/>
</kw>
<kw name="write result to file">
<kw name="Create File" library="OperatingSystem">
<arg>{PATH}</arg>
<arg>encoding=UTF-8</arg>
<doc>Creates a file with the given content and encoding.</doc>
<msg timestamp="20210913 15:51:48.671" level="INFO" html="true">Created file '&lt;a href="file://E:\Projects\Robot\switch_login_verification\{PATH}"&gt;E:\Projects\Robot\switch_login_verification\{PATH}&lt;/a&gt;'.</msg>
<status status="PASS" starttime="20210913 15:51:48.670" endtime="20210913 15:51:48.671"/>
</kw>
<kw name="Append To File" library="OperatingSystem">
<arg>result.txt</arg>
<arg>${write_result}${\n}</arg>
<arg>UTF-8</arg>
<doc>Appends the given content to the specified file.</doc>
<msg timestamp="20210913 15:51:48.671" level="INFO" html="true">Appended to file '&lt;a href="file://E:\Projects\Robot\switch_login_verification\result.txt"&gt;E:\Projects\Robot\switch_login_verification\result.txt&lt;/a&gt;'.</msg>
<status status="PASS" starttime="20210913 15:51:48.671" endtime="20210913 15:51:48.671"/>
</kw>
<status status="PASS" starttime="20210913 15:51:48.670" endtime="20210913 15:51:48.671"/>
</kw>
<kw name="Sleep" library="BuiltIn">
<arg>3</arg>
<doc>Pauses the test executed for the given time.</doc>
<msg timestamp="20210913 15:51:51.688" level="INFO">Slept 3 seconds</msg>
<status status="PASS" starttime="20210913 15:51:48.671" endtime="20210913 15:51:51.688"/>
</kw>
<status status="PASS" starttime="20210913 15:51:48.641" endtime="20210913 15:51:51.688"/>
</branch>
<branch type="ELSE">
<kw name="Log To Console" library="BuiltIn">
<arg>Unable to login to system page , skip the test</arg>
<doc>Logs the given message to the console.</doc>
<status status="NOT RUN" starttime="20210913 15:51:51.689" endtime="20210913 15:51:51.689"/>
</kw>
<status status="NOT RUN" starttime="20210913 15:51:51.688" endtime="20210913 15:51:51.689"/>
</branch>
<status status="PASS" starttime="20210913 15:51:48.641" endtime="20210913 15:51:51.689"/>
</if>
<status status="PASS" starttime="20210913 15:51:24.936" endtime="20210913 15:51:51.689"/>
</branch>
<branch type="ELSE">
<kw name="Evaluate" library="BuiltIn">
<var>${counter}</var>
<arg>${i} + 1</arg>
<doc>Evaluates the given expression in Python and returns the result.</doc>
<status status="NOT RUN" starttime="20210913 15:51:51.690" endtime="20210913 15:51:51.690"/>
</kw>
<kw name="Log To Console" library="BuiltIn">
<arg>${message4}</arg>
<doc>Logs the given message to the console.</doc>
<status status="NOT RUN" starttime="20210913 15:51:51.690" endtime="20210913 15:51:51.691"/>
</kw>
<kw name="Log To Console" library="BuiltIn">
<arg>Waiting for DUT rebooting for 60 sec</arg>
<doc>Logs the given message to the console.</doc>
<status status="NOT RUN" starttime="20210913 15:51:51.691" endtime="20210913 15:51:51.691"/>
</kw>
<kw name="Sleep" library="BuiltIn">
<arg>60</arg>
<doc>Pauses the test executed for the given time.</doc>
<status status="NOT RUN" starttime="20210913 15:51:51.691" endtime="20210913 15:51:51.692"/>
</kw>
<kw name="Set Suite Variable" library="BuiltIn">
<arg>${write_result}</arg>
<arg>${message4}</arg>
<doc>Makes a variable available everywhere within the scope of the current suite.</doc>
<status status="NOT RUN" starttime="20210913 15:51:51.692" endtime="20210913 15:51:51.692"/>
</kw>
<kw name="write result to file">
<status status="NOT RUN" starttime="20210913 15:51:51.692" endtime="20210913 15:51:51.693"/>
</kw>
<status status="NOT RUN" starttime="20210913 15:51:51.690" endtime="20210913 15:51:51.693"/>
</branch>
<status status="PASS" starttime="20210913 15:51:24.936" endtime="20210913 15:51:51.693"/>
</if>
<kw name="Exit For Loop If" library="BuiltIn">
<arg>${counter} &gt; ${loop_times}</arg>
<doc>Stops executing the enclosing for loop if the ``condition`` is true.</doc>
<status status="PASS" starttime="20210913 15:51:51.693" endtime="20210913 15:51:51.693"/>
</kw>
<status status="PASS" starttime="20210913 15:51:21.879" endtime="20210913 15:51:51.693"/>
</iter>
<iter>
<var name="${i}">4</var>
<kw name="Log To Console" library="BuiltIn">
<arg>Running for ${i} times</arg>
<doc>Logs the given message to the console.</doc>
<status status="PASS" starttime="20210913 15:51:51.694" endtime="20210913 15:51:51.694"/>
</kw>
<kw name="Ping test">
<var>${status}</var>
<kw name="Run Process" library="Process">
<var>${result}</var>
<arg>ping ${dut_ip} -c 1</arg>
<arg>shell=True</arg>
<arg>stdout=stdout.txt</arg>
<arg>output_encoding=UTF-8</arg>
<doc>Runs a process and waits for it to complete.</doc>
<msg timestamp="20210913 15:51:51.694" level="INFO">Starting process:
ping 10.3.4.19 -c 1</msg>
<msg timestamp="20210913 15:51:51.697" level="INFO">Waiting for process to complete.</msg>
<msg timestamp="20210913 15:51:54.751" level="INFO">Process completed.</msg>
<msg timestamp="20210913 15:51:54.751" level="INFO">${result} = &lt;result object with rc 0&gt;</msg>
<status status="PASS" starttime="20210913 15:51:51.694" endtime="20210913 15:51:54.751"/>
</kw>
<kw name="Get File" library="OperatingSystem">
<var>${TextFileContent}</var>
<arg>stdout.txt</arg>
<arg>encoding=UTF-8</arg>
<arg>encoding_errors=strict</arg>
<doc>Returns the contents of a specified file.</doc>
<msg timestamp="20210913 15:51:54.752" level="INFO" html="true">Getting file '&lt;a href="file://E:\Projects\Robot\switch_login_verification\stdout.txt"&gt;E:\Projects\Robot\switch_login_verification\stdout.txt&lt;/a&gt;'.</msg>
<msg timestamp="20210913 15:51:54.752" level="INFO">${TextFileContent} = 
Pinging 10.3.4.19 with 32 bytes of data:
Reply from 10.3.4.19: bytes=32 time=3ms TTL=64
Reply from 10.3.4.19: bytes=32 time=3ms TTL=64
Reply from 10.3.4.19: bytes=32 time=3ms TTL=64
Reply from 10.3.4...</msg>
<status status="PASS" starttime="20210913 15:51:54.751" endtime="20210913 15:51:54.752"/>
</kw>
<kw name="Log To Console" library="BuiltIn">
<arg>${TextFileContent}</arg>
<doc>Logs the given message to the console.</doc>
<status status="PASS" starttime="20210913 15:51:54.752" endtime="20210913 15:51:54.754"/>
</kw>
<kw name="Run Keyword And Return Status" library="BuiltIn">
<var>${status}</var>
<arg>Should Contain Any</arg>
<arg>${TextFileContent}</arg>
<arg>Reply from</arg>
<doc>Runs the given keyword with given arguments and returns the status as a Boolean value.</doc>
<kw name="Should Contain Any" library="BuiltIn">
<arg>${TextFileContent}</arg>
<arg>Reply from</arg>
<doc>Fails if ``container`` does not contain any of the ``*items``.</doc>
<status status="PASS" starttime="20210913 15:51:54.754" endtime="20210913 15:51:54.754"/>
</kw>
<msg timestamp="20210913 15:51:54.754" level="INFO">${status} = True</msg>
<status status="PASS" starttime="20210913 15:51:54.754" endtime="20210913 15:51:54.754"/>
</kw>
<msg timestamp="20210913 15:51:54.755" level="INFO">${status} = True</msg>
<status status="PASS" starttime="20210913 15:51:51.694" endtime="20210913 15:51:54.755"/>
</kw>
<if>
<branch type="IF" condition="${status} == ${True}">
<kw name="Evaluate" library="BuiltIn">
<var>${counter}</var>
<arg>${i} + 1</arg>
<doc>Evaluates the given expression in Python and returns the result.</doc>
<msg timestamp="20210913 15:51:54.755" level="INFO">${counter} = 5</msg>
<status status="PASS" starttime="20210913 15:51:54.755" endtime="20210913 15:51:54.755"/>
</kw>
<kw name="Log To Console" library="BuiltIn">
<arg>Ping ok , Continue the Testing...</arg>
<doc>Logs the given message to the console.</doc>
<status status="PASS" starttime="20210913 15:51:54.755" endtime="20210913 15:51:54.755"/>
</kw>
<kw name="login to dut">
<var>${login_status}</var>
<kw name="Go To" library="Selenium2Library">
<arg>${url}</arg>
<doc>Navigates the current browser window to the provided ``url``.</doc>
<msg timestamp="20210913 15:51:54.756" level="INFO">Opening url 'https://10.3.4.19'</msg>
<status status="PASS" starttime="20210913 15:51:54.756" endtime="20210913 15:51:56.747"/>
</kw>
<kw name="Sleep" library="BuiltIn">
<arg>5</arg>
<doc>Pauses the test executed for the given time.</doc>
<msg timestamp="20210913 15:52:01.747" level="INFO">Slept 5 seconds</msg>
<status status="PASS" starttime="20210913 15:51:56.747" endtime="20210913 15:52:01.747"/>
</kw>
<kw name="Wait Until Page Contains" library="Selenium2Library">
<arg>Password</arg>
<arg>30</arg>
<doc>Waits until ``text`` appears on the current page.</doc>
<status status="PASS" starttime="20210913 15:52:01.748" endtime="20210913 15:52:01.764"/>
</kw>
<kw name="Input Text" library="Selenium2Library">
<arg>${User_xpath}</arg>
<arg>${User_value}</arg>
<doc>Types the given ``text`` into the text field identified by ``locator``.</doc>
<msg timestamp="20210913 15:52:01.764" level="INFO">Typing text 'adpro' into text field '//input[@id='Login']'.</msg>
<status status="PASS" starttime="20210913 15:52:01.764" endtime="20210913 15:52:01.825"/>
</kw>
<kw name="Sleep" library="BuiltIn">
<arg>1</arg>
<doc>Pauses the test executed for the given time.</doc>
<msg timestamp="20210913 15:52:02.830" level="INFO">Slept 1 second</msg>
<status status="PASS" starttime="20210913 15:52:01.825" endtime="20210913 15:52:02.830"/>
</kw>
<kw name="Input Text" library="Selenium2Library">
<arg>${Password_xpath}</arg>
<arg>${Password_value}</arg>
<doc>Types the given ``text`` into the text field identified by ``locator``.</doc>
<msg timestamp="20210913 15:52:02.832" level="INFO">Typing text '' into text field '//input[@id='Password']'.</msg>
<status status="PASS" starttime="20210913 15:52:02.831" endtime="20210913 15:52:02.893"/>
</kw>
<kw name="Sleep" library="BuiltIn">
<arg>1</arg>
<doc>Pauses the test executed for the given time.</doc>
<msg timestamp="20210913 15:52:03.896" level="INFO">Slept 1 second</msg>
<status status="PASS" starttime="20210913 15:52:02.894" endtime="20210913 15:52:03.896"/>
</kw>
<kw name="Click Button" library="Selenium2Library">
<arg>${login_button}</arg>
<doc>Clicks the button identified by ``locator``.</doc>
<msg timestamp="20210913 15:52:03.898" level="INFO">Clicking button '//button[@id='login_ok']'.</msg>
<status status="PASS" starttime="20210913 15:52:03.897" endtime="20210913 15:52:10.550"/>
</kw>
<kw name="Sleep" library="BuiltIn">
<arg>3</arg>
<doc>Pauses the test executed for the given time.</doc>
<msg timestamp="20210913 15:52:13.556" level="INFO">Slept 3 seconds</msg>
<status status="PASS" starttime="20210913 15:52:10.550" endtime="20210913 15:52:13.556"/>
</kw>
<kw name="Handle Alert" library="Selenium2Library">
<var>${alert_message}</var>
<arg>action=ACCEPT</arg>
<arg>timeout=10</arg>
<doc>Handles the current alert and returns its message.</doc>
<msg timestamp="20210913 15:52:13.557" level="INFO">HANDLE::&lt;class 'datetime.timedelta'&gt;::0:00:10</msg>
<msg timestamp="20210913 15:52:13.565" level="INFO">${alert_message} = No password has been set. Please set a password for security.</msg>
<status status="PASS" starttime="20210913 15:52:13.556" endtime="20210913 15:52:13.565"/>
</kw>
<kw name="Run Keyword And Return Status" library="BuiltIn">
<var>${status}</var>
<arg>Wait Until Element Is Visible</arg>
<arg>myframe</arg>
<doc>Runs the given keyword with given arguments and returns the status as a Boolean value.</doc>
<kw name="Wait Until Element Is Visible" library="Selenium2Library">
<arg>myframe</arg>
<doc>Waits until the element ``locator`` is visible.</doc>
<status status="PASS" starttime="20210913 15:52:13.566" endtime="20210913 15:52:13.597"/>
</kw>
<msg timestamp="20210913 15:52:13.597" level="INFO">${status} = True</msg>
<status status="PASS" starttime="20210913 15:52:13.565" endtime="20210913 15:52:13.597"/>
</kw>
<msg timestamp="20210913 15:52:13.598" level="INFO">${login_status} = [True, 'No password has been set. Please set a password for security.']</msg>
<status status="PASS" starttime="20210913 15:51:54.755" endtime="20210913 15:52:13.598"/>
</kw>
<kw name="Log To Console" library="BuiltIn">
<arg>${login_status}</arg>
<doc>Logs the given message to the console.</doc>
<status status="PASS" starttime="20210913 15:52:13.598" endtime="20210913 15:52:13.599"/>
</kw>
<if>
<branch type="IF" condition="${login_status}[0] == ${True}">
<kw name="check login successed">
<var>${result}</var>
<kw name="Select Frame" library="Selenium2Library">
<arg>myframe</arg>
<doc>Sets frame identified by ``locator`` as the current frame.</doc>
<msg timestamp="20210913 15:52:13.600" level="INFO">Selecting frame 'myframe'.</msg>
<status status="PASS" starttime="20210913 15:52:13.599" endtime="20210913 15:52:13.618"/>
</kw>
<kw name="Run Keyword And Return Status" library="BuiltIn">
<var>${IsElementVisible}</var>
<arg>Wait Until Page Contains Element</arg>
<arg>${systemUP}</arg>
<doc>Runs the given keyword with given arguments and returns the status as a Boolean value.</doc>
<kw name="Wait Until Page Contains Element" library="Selenium2Library">
<arg>${systemUP}</arg>
<doc>Waits until the element ``locator`` appears on the current page.</doc>
<kw name="Capture Page Screenshot" library="Selenium2Library">
<doc>Takes a screenshot of the current page and embeds it into a log file.</doc>
<msg timestamp="20210913 15:52:23.941" level="INFO" html="true">&lt;/td&gt;&lt;/tr&gt;&lt;tr&gt;&lt;td colspan="3"&gt;&lt;a href="selenium-screenshot-2.png"&gt;&lt;img src="selenium-screenshot-2.png" width="800px"&gt;&lt;/a&gt;</msg>
<status status="PASS" starttime="20210913 15:52:23.870" endtime="20210913 15:52:23.941"/>
</kw>
<msg timestamp="20210913 15:52:23.941" level="FAIL">Element '//*[@id="content"]/div/div[2]/table/tbody/tr[2]/td[1]/span' did not appear in 5 seconds.</msg>
<status status="FAIL" starttime="20210913 15:52:13.618" endtime="20210913 15:52:23.941"/>
</kw>
<msg timestamp="20210913 15:52:23.941" level="INFO">${IsElementVisible} = False</msg>
<status status="PASS" starttime="20210913 15:52:13.618" endtime="20210913 15:52:23.941"/>
</kw>
<if>
<branch type="IF" condition="${IsElementVisible} == ${True}">
<kw name="Log To Console" library="BuiltIn">
<arg>${message1}</arg>
<doc>Logs the given message to the console.</doc>
<status status="NOT RUN" starttime="20210913 15:52:23.942" endtime="20210913 15:52:23.942"/>
</kw>
<kw name="Set Variable" library="BuiltIn">
<var>${value}</var>
<arg>0</arg>
<doc>Returns the given values which can then be assigned to a variables.</doc>
<status status="NOT RUN" starttime="20210913 15:52:23.942" endtime="20210913 15:52:23.942"/>
</kw>
<kw name="Set Variable" library="BuiltIn">
<var>${message}</var>
<arg>${message1}</arg>
<doc>Returns the given values which can then be assigned to a variables.</doc>
<status status="NOT RUN" starttime="20210913 15:52:23.942" endtime="20210913 15:52:23.942"/>
</kw>
<status status="NOT RUN" starttime="20210913 15:52:23.942" endtime="20210913 15:52:23.942"/>
</branch>
<branch type="ELSE">
<kw name="Run Keyword And Return Status" library="BuiltIn">
<var>${condition}</var>
<arg>Wait Until Page Contains Element</arg>
<arg>${systeminfo_failed_H001}</arg>
<doc>Runs the given keyword with given arguments and returns the status as a Boolean value.</doc>
<kw name="Wait Until Page Contains Element" library="Selenium2Library">
<arg>${systeminfo_failed_H001}</arg>
<doc>Waits until the element ``locator`` appears on the current page.</doc>
<status status="PASS" starttime="20210913 15:52:23.942" endtime="20210913 15:52:23.950"/>
</kw>
<msg timestamp="20210913 15:52:23.950" level="INFO">${condition} = True</msg>
<status status="PASS" starttime="20210913 15:52:23.942" endtime="20210913 15:52:23.950"/>
</kw>
<if>
<branch type="IF" condition="${condition} == ${True}">
<kw name="Log To Console" library="BuiltIn">
<arg>${message2}</arg>
<doc>Logs the given message to the console.</doc>
<status status="PASS" starttime="20210913 15:52:23.950" endtime="20210913 15:52:23.952"/>
</kw>
<kw name="Set Variable" library="BuiltIn">
<var>${value}</var>
<arg>1</arg>
<doc>Returns the given values which can then be assigned to a variables.</doc>
<msg timestamp="20210913 15:52:23.952" level="INFO">${value} = 1</msg>
<status status="PASS" starttime="20210913 15:52:23.952" endtime="20210913 15:52:23.952"/>
</kw>
<kw name="Set Variable" library="BuiltIn">
<var>${message}</var>
<arg>${message2}</arg>
<doc>Returns the given values which can then be assigned to a variables.</doc>
<msg timestamp="20210913 15:52:23.952" level="INFO">${message} = FAILED , Issue1 : Page contained H001_022/Hxxx</msg>
<status status="PASS" starttime="20210913 15:52:23.952" endtime="20210913 15:52:23.952"/>
</kw>
<status status="PASS" starttime="20210913 15:52:23.950" endtime="20210913 15:52:23.952"/>
</branch>
<branch type="ELSE">
<kw name="Log To Console" library="BuiltIn">
<arg>${message3}</arg>
<doc>Logs the given message to the console.</doc>
<status status="NOT RUN" starttime="20210913 15:52:23.953" endtime="20210913 15:52:23.953"/>
</kw>
<kw name="Set Variable" library="BuiltIn">
<var>${value}</var>
<arg>2</arg>
<doc>Returns the given values which can then be assigned to a variables.</doc>
<status status="NOT RUN" starttime="20210913 15:52:23.953" endtime="20210913 15:52:23.953"/>
</kw>
<kw name="Set Variable" library="BuiltIn">
<var>${message}</var>
<arg>${message3}</arg>
<doc>Returns the given values which can then be assigned to a variables.</doc>
<status status="NOT RUN" starttime="20210913 15:52:23.953" endtime="20210913 15:52:23.953"/>
</kw>
<status status="NOT RUN" starttime="20210913 15:52:23.952" endtime="20210913 15:52:23.953"/>
</branch>
<status status="PASS" starttime="20210913 15:52:23.950" endtime="20210913 15:52:23.953"/>
</if>
<status status="PASS" starttime="20210913 15:52:23.942" endtime="20210913 15:52:23.953"/>
</branch>
<status status="PASS" starttime="20210913 15:52:23.941" endtime="20210913 15:52:23.953"/>
</if>
<msg timestamp="20210913 15:52:23.953" level="INFO">${result} = ['1', 'FAILED , Issue1 : Page contained H001_022/Hxxx']</msg>
<status status="PASS" starttime="20210913 15:52:13.599" endtime="20210913 15:52:23.953"/>
</kw>
<kw name="Set Suite Variable" library="BuiltIn">
<arg>${write_result}</arg>
<arg>Running for ${i} times : ${result}[1]</arg>
<doc>Makes a variable available everywhere within the scope of the current suite.</doc>
<msg timestamp="20210913 15:52:23.953" level="INFO">${write_result} = Running for 4 times : FAILED , Issue1 : Page contained H001_022/Hxxx</msg>
<status status="PASS" starttime="20210913 15:52:23.953" endtime="20210913 15:52:23.953"/>
</kw>
<kw name="write result to file">
<kw name="Create File" library="OperatingSystem">
<arg>{PATH}</arg>
<arg>encoding=UTF-8</arg>
<doc>Creates a file with the given content and encoding.</doc>
<msg timestamp="20210913 15:52:23.954" level="INFO" html="true">Created file '&lt;a href="file://E:\Projects\Robot\switch_login_verification\{PATH}"&gt;E:\Projects\Robot\switch_login_verification\{PATH}&lt;/a&gt;'.</msg>
<status status="PASS" starttime="20210913 15:52:23.954" endtime="20210913 15:52:23.954"/>
</kw>
<kw name="Append To File" library="OperatingSystem">
<arg>result.txt</arg>
<arg>${write_result}${\n}</arg>
<arg>UTF-8</arg>
<doc>Appends the given content to the specified file.</doc>
<msg timestamp="20210913 15:52:23.955" level="INFO" html="true">Appended to file '&lt;a href="file://E:\Projects\Robot\switch_login_verification\result.txt"&gt;E:\Projects\Robot\switch_login_verification\result.txt&lt;/a&gt;'.</msg>
<status status="PASS" starttime="20210913 15:52:23.954" endtime="20210913 15:52:23.955"/>
</kw>
<status status="PASS" starttime="20210913 15:52:23.954" endtime="20210913 15:52:23.955"/>
</kw>
<kw name="Sleep" library="BuiltIn">
<arg>3</arg>
<doc>Pauses the test executed for the given time.</doc>
<msg timestamp="20210913 15:52:26.955" level="INFO">Slept 3 seconds</msg>
<status status="PASS" starttime="20210913 15:52:23.955" endtime="20210913 15:52:26.955"/>
</kw>
<status status="PASS" starttime="20210913 15:52:13.599" endtime="20210913 15:52:26.955"/>
</branch>
<branch type="ELSE">
<kw name="Log To Console" library="BuiltIn">
<arg>Unable to login to system page , skip the test</arg>
<doc>Logs the given message to the console.</doc>
<status status="NOT RUN" starttime="20210913 15:52:26.955" endtime="20210913 15:52:26.955"/>
</kw>
<status status="NOT RUN" starttime="20210913 15:52:26.955" endtime="20210913 15:52:26.955"/>
</branch>
<status status="PASS" starttime="20210913 15:52:13.599" endtime="20210913 15:52:26.955"/>
</if>
<status status="PASS" starttime="20210913 15:51:54.755" endtime="20210913 15:52:26.955"/>
</branch>
<branch type="ELSE">
<kw name="Evaluate" library="BuiltIn">
<var>${counter}</var>
<arg>${i} + 1</arg>
<doc>Evaluates the given expression in Python and returns the result.</doc>
<status status="NOT RUN" starttime="20210913 15:52:26.955" endtime="20210913 15:52:26.955"/>
</kw>
<kw name="Log To Console" library="BuiltIn">
<arg>${message4}</arg>
<doc>Logs the given message to the console.</doc>
<status status="NOT RUN" starttime="20210913 15:52:26.955" endtime="20210913 15:52:26.955"/>
</kw>
<kw name="Log To Console" library="BuiltIn">
<arg>Waiting for DUT rebooting for 60 sec</arg>
<doc>Logs the given message to the console.</doc>
<status status="NOT RUN" starttime="20210913 15:52:26.955" endtime="20210913 15:52:26.955"/>
</kw>
<kw name="Sleep" library="BuiltIn">
<arg>60</arg>
<doc>Pauses the test executed for the given time.</doc>
<status status="NOT RUN" starttime="20210913 15:52:26.955" endtime="20210913 15:52:26.957"/>
</kw>
<kw name="Set Suite Variable" library="BuiltIn">
<arg>${write_result}</arg>
<arg>${message4}</arg>
<doc>Makes a variable available everywhere within the scope of the current suite.</doc>
<status status="NOT RUN" starttime="20210913 15:52:26.957" endtime="20210913 15:52:26.957"/>
</kw>
<kw name="write result to file">
<status status="NOT RUN" starttime="20210913 15:52:26.957" endtime="20210913 15:52:26.957"/>
</kw>
<status status="NOT RUN" starttime="20210913 15:52:26.955" endtime="20210913 15:52:26.957"/>
</branch>
<status status="PASS" starttime="20210913 15:51:54.755" endtime="20210913 15:52:26.957"/>
</if>
<kw name="Exit For Loop If" library="BuiltIn">
<arg>${counter} &gt; ${loop_times}</arg>
<doc>Stops executing the enclosing for loop if the ``condition`` is true.</doc>
<status status="PASS" starttime="20210913 15:52:26.957" endtime="20210913 15:52:26.957"/>
</kw>
<status status="PASS" starttime="20210913 15:51:51.693" endtime="20210913 15:52:26.957"/>
</iter>
<iter>
<var name="${i}">5</var>
<kw name="Log To Console" library="BuiltIn">
<arg>Running for ${i} times</arg>
<doc>Logs the given message to the console.</doc>
<status status="PASS" starttime="20210913 15:52:26.957" endtime="20210913 15:52:26.958"/>
</kw>
<kw name="Ping test">
<var>${status}</var>
<kw name="Run Process" library="Process">
<var>${result}</var>
<arg>ping ${dut_ip} -c 1</arg>
<arg>shell=True</arg>
<arg>stdout=stdout.txt</arg>
<arg>output_encoding=UTF-8</arg>
<doc>Runs a process and waits for it to complete.</doc>
<msg timestamp="20210913 15:52:26.959" level="INFO">Starting process:
ping 10.3.4.19 -c 1</msg>
<msg timestamp="20210913 15:52:26.961" level="INFO">Waiting for process to complete.</msg>
<msg timestamp="20210913 15:52:30.018" level="INFO">Process completed.</msg>
<msg timestamp="20210913 15:52:30.018" level="INFO">${result} = &lt;result object with rc 0&gt;</msg>
<status status="PASS" starttime="20210913 15:52:26.958" endtime="20210913 15:52:30.018"/>
</kw>
<kw name="Get File" library="OperatingSystem">
<var>${TextFileContent}</var>
<arg>stdout.txt</arg>
<arg>encoding=UTF-8</arg>
<arg>encoding_errors=strict</arg>
<doc>Returns the contents of a specified file.</doc>
<msg timestamp="20210913 15:52:30.019" level="INFO" html="true">Getting file '&lt;a href="file://E:\Projects\Robot\switch_login_verification\stdout.txt"&gt;E:\Projects\Robot\switch_login_verification\stdout.txt&lt;/a&gt;'.</msg>
<msg timestamp="20210913 15:52:30.019" level="INFO">${TextFileContent} = 
Pinging 10.3.4.19 with 32 bytes of data:
Reply from 10.3.4.19: bytes=32 time=3ms TTL=64
Reply from 10.3.4.19: bytes=32 time=3ms TTL=64
Reply from 10.3.4.19: bytes=32 time=3ms TTL=64
Reply from 10.3.4...</msg>
<status status="PASS" starttime="20210913 15:52:30.018" endtime="20210913 15:52:30.019"/>
</kw>
<kw name="Log To Console" library="BuiltIn">
<arg>${TextFileContent}</arg>
<doc>Logs the given message to the console.</doc>
<status status="PASS" starttime="20210913 15:52:30.019" endtime="20210913 15:52:30.021"/>
</kw>
<kw name="Run Keyword And Return Status" library="BuiltIn">
<var>${status}</var>
<arg>Should Contain Any</arg>
<arg>${TextFileContent}</arg>
<arg>Reply from</arg>
<doc>Runs the given keyword with given arguments and returns the status as a Boolean value.</doc>
<kw name="Should Contain Any" library="BuiltIn">
<arg>${TextFileContent}</arg>
<arg>Reply from</arg>
<doc>Fails if ``container`` does not contain any of the ``*items``.</doc>
<status status="PASS" starttime="20210913 15:52:30.021" endtime="20210913 15:52:30.021"/>
</kw>
<msg timestamp="20210913 15:52:30.021" level="INFO">${status} = True</msg>
<status status="PASS" starttime="20210913 15:52:30.021" endtime="20210913 15:52:30.021"/>
</kw>
<msg timestamp="20210913 15:52:30.021" level="INFO">${status} = True</msg>
<status status="PASS" starttime="20210913 15:52:26.958" endtime="20210913 15:52:30.021"/>
</kw>
<if>
<branch type="IF" condition="${status} == ${True}">
<kw name="Evaluate" library="BuiltIn">
<var>${counter}</var>
<arg>${i} + 1</arg>
<doc>Evaluates the given expression in Python and returns the result.</doc>
<msg timestamp="20210913 15:52:30.022" level="INFO">${counter} = 6</msg>
<status status="PASS" starttime="20210913 15:52:30.022" endtime="20210913 15:52:30.022"/>
</kw>
<kw name="Log To Console" library="BuiltIn">
<arg>Ping ok , Continue the Testing...</arg>
<doc>Logs the given message to the console.</doc>
<status status="PASS" starttime="20210913 15:52:30.022" endtime="20210913 15:52:30.023"/>
</kw>
<kw name="login to dut">
<var>${login_status}</var>
<kw name="Go To" library="Selenium2Library">
<arg>${url}</arg>
<doc>Navigates the current browser window to the provided ``url``.</doc>
<msg timestamp="20210913 15:52:30.023" level="INFO">Opening url 'https://10.3.4.19'</msg>
<status status="PASS" starttime="20210913 15:52:30.023" endtime="20210913 15:52:31.961"/>
</kw>
<kw name="Sleep" library="BuiltIn">
<arg>5</arg>
<doc>Pauses the test executed for the given time.</doc>
<msg timestamp="20210913 15:52:36.966" level="INFO">Slept 5 seconds</msg>
<status status="PASS" starttime="20210913 15:52:31.961" endtime="20210913 15:52:36.966"/>
</kw>
<kw name="Wait Until Page Contains" library="Selenium2Library">
<arg>Password</arg>
<arg>30</arg>
<doc>Waits until ``text`` appears on the current page.</doc>
<status status="PASS" starttime="20210913 15:52:36.967" endtime="20210913 15:52:36.989"/>
</kw>
<kw name="Input Text" library="Selenium2Library">
<arg>${User_xpath}</arg>
<arg>${User_value}</arg>
<doc>Types the given ``text`` into the text field identified by ``locator``.</doc>
<msg timestamp="20210913 15:52:36.989" level="INFO">Typing text 'adpro' into text field '//input[@id='Login']'.</msg>
<status status="PASS" starttime="20210913 15:52:36.989" endtime="20210913 15:52:37.052"/>
</kw>
<kw name="Sleep" library="BuiltIn">
<arg>1</arg>
<doc>Pauses the test executed for the given time.</doc>
<msg timestamp="20210913 15:52:38.066" level="INFO">Slept 1 second</msg>
<status status="PASS" starttime="20210913 15:52:37.052" endtime="20210913 15:52:38.066"/>
</kw>
<kw name="Input Text" library="Selenium2Library">
<arg>${Password_xpath}</arg>
<arg>${Password_value}</arg>
<doc>Types the given ``text`` into the text field identified by ``locator``.</doc>
<msg timestamp="20210913 15:52:38.068" level="INFO">Typing text '' into text field '//input[@id='Password']'.</msg>
<status status="PASS" starttime="20210913 15:52:38.067" endtime="20210913 15:52:38.142"/>
</kw>
<kw name="Sleep" library="BuiltIn">
<arg>1</arg>
<doc>Pauses the test executed for the given time.</doc>
<msg timestamp="20210913 15:52:39.149" level="INFO">Slept 1 second</msg>
<status status="PASS" starttime="20210913 15:52:38.142" endtime="20210913 15:52:39.149"/>
</kw>
<kw name="Click Button" library="Selenium2Library">
<arg>${login_button}</arg>
<doc>Clicks the button identified by ``locator``.</doc>
<msg timestamp="20210913 15:52:39.152" level="INFO">Clicking button '//button[@id='login_ok']'.</msg>
<status status="PASS" starttime="20210913 15:52:39.151" endtime="20210913 15:52:45.607"/>
</kw>
<kw name="Sleep" library="BuiltIn">
<arg>3</arg>
<doc>Pauses the test executed for the given time.</doc>
<msg timestamp="20210913 15:52:48.615" level="INFO">Slept 3 seconds</msg>
<status status="PASS" starttime="20210913 15:52:45.608" endtime="20210913 15:52:48.615"/>
</kw>
<kw name="Handle Alert" library="Selenium2Library">
<var>${alert_message}</var>
<arg>action=ACCEPT</arg>
<arg>timeout=10</arg>
<doc>Handles the current alert and returns its message.</doc>
<msg timestamp="20210913 15:52:48.617" level="INFO">HANDLE::&lt;class 'datetime.timedelta'&gt;::0:00:10</msg>
<msg timestamp="20210913 15:52:48.620" level="INFO">${alert_message} = No password has been set. Please set a password for security.</msg>
<status status="PASS" starttime="20210913 15:52:48.616" endtime="20210913 15:52:48.621"/>
</kw>
<kw name="Run Keyword And Return Status" library="BuiltIn">
<var>${status}</var>
<arg>Wait Until Element Is Visible</arg>
<arg>myframe</arg>
<doc>Runs the given keyword with given arguments and returns the status as a Boolean value.</doc>
<kw name="Wait Until Element Is Visible" library="Selenium2Library">
<arg>myframe</arg>
<doc>Waits until the element ``locator`` is visible.</doc>
<status status="PASS" starttime="20210913 15:52:48.621" endtime="20210913 15:52:53.702"/>
</kw>
<msg timestamp="20210913 15:52:53.702" level="INFO">${status} = True</msg>
[...]
<arg>${message4}</arg>
<doc>Logs the given message to the console.</doc>
<status status="NOT RUN" starttime="20210913 16:04:57.505" endtime="20210913 16:04:57.505"/>
</kw>
<kw name="Log To Console" library="BuiltIn">
<arg>Waiting for DUT rebooting for 60 sec</arg>
<doc>Logs the given message to the console.</doc>
<status status="NOT RUN" starttime="20210913 16:04:57.505" endtime="20210913 16:04:57.505"/>
</kw>
<kw name="Sleep" library="BuiltIn">
<arg>60</arg>
<doc>Pauses the test executed for the given time.</doc>
<status status="NOT RUN" starttime="20210913 16:04:57.506" endtime="20210913 16:04:57.506"/>
</kw>
<kw name="Set Suite Variable" library="BuiltIn">
<arg>${write_result}</arg>
<arg>${message4}</arg>
<doc>Makes a variable available everywhere within the scope of the current suite.</doc>
<status status="NOT RUN" starttime="20210913 16:04:57.506" endtime="20210913 16:04:57.506"/>
</kw>
<kw name="write result to file">
<status status="NOT RUN" starttime="20210913 16:04:57.507" endtime="20210913 16:04:57.507"/>
</kw>
<status status="NOT RUN" starttime="20210913 16:04:57.504" endtime="20210913 16:04:57.507"/>
</branch>
<status status="PASS" starttime="20210913 16:04:30.917" endtime="20210913 16:04:57.507"/>
</if>
<kw name="Exit For Loop If" library="BuiltIn">
<arg>${counter} &gt; ${loop_times}</arg>
<doc>Stops executing the enclosing for loop if the ``condition`` is true.</doc>
<status status="PASS" starttime="20210913 16:04:57.507" endtime="20210913 16:04:57.507"/>
</kw>
<status status="PASS" starttime="20210913 16:04:27.852" endtime="20210913 16:04:57.507"/>
</iter>
<iter>
<var name="${i}">30</var>
<kw name="Log To Console" library="BuiltIn">
<arg>Running for ${i} times</arg>
<doc>Logs the given message to the console.</doc>
<status status="PASS" starttime="20210913 16:04:57.508" endtime="20210913 16:04:57.509"/>
</kw>
<kw name="Ping test">
<var>${status}</var>
<kw name="Run Process" library="Process">
<var>${result}</var>
<arg>ping ${dut_ip} -c 1</arg>
<arg>shell=True</arg>
<arg>stdout=stdout.txt</arg>
<arg>output_encoding=UTF-8</arg>
<doc>Runs a process and waits for it to complete.</doc>
<msg timestamp="20210913 16:04:57.509" level="INFO">Starting process:
ping 10.3.4.19 -c 1</msg>
<msg timestamp="20210913 16:04:57.513" level="INFO">Waiting for process to complete.</msg>
<msg timestamp="20210913 16:05:00.583" level="INFO">Process completed.</msg>
<msg timestamp="20210913 16:05:00.584" level="INFO">${result} = &lt;result object with rc 0&gt;</msg>
<status status="PASS" starttime="20210913 16:04:57.509" endtime="20210913 16:05:00.584"/>
</kw>
<kw name="Get File" library="OperatingSystem">
<var>${TextFileContent}</var>
<arg>stdout.txt</arg>
<arg>encoding=UTF-8</arg>
<arg>encoding_errors=strict</arg>
<doc>Returns the contents of a specified file.</doc>
<msg timestamp="20210913 16:05:00.586" level="INFO" html="true">Getting file '&lt;a href="file://E:\Projects\Robot\switch_login_verification\stdout.txt"&gt;E:\Projects\Robot\switch_login_verification\stdout.txt&lt;/a&gt;'.</msg>
<msg timestamp="20210913 16:05:00.587" level="INFO">${TextFileContent} = 
Pinging 10.3.4.19 with 32 bytes of data:
Reply from 10.3.4.19: bytes=32 time=3ms TTL=64
Reply from 10.3.4.19: bytes=32 time=3ms TTL=64
Reply from 10.3.4.19: bytes=32 time=3ms TTL=64
Reply from 10.3.4...</msg>
<status status="PASS" starttime="20210913 16:05:00.585" endtime="20210913 16:05:00.587"/>
</kw>
<kw name="Log To Console" library="BuiltIn">
<arg>${TextFileContent}</arg>
<doc>Logs the given message to the console.</doc>
<status status="PASS" starttime="20210913 16:05:00.588" endtime="20210913 16:05:00.589"/>
</kw>
<kw name="Run Keyword And Return Status" library="BuiltIn">
<var>${status}</var>
<arg>Should Contain Any</arg>
<arg>${TextFileContent}</arg>
<arg>Reply from</arg>
<doc>Runs the given keyword with given arguments and returns the status as a Boolean value.</doc>
<kw name="Should Contain Any" library="BuiltIn">
<arg>${TextFileContent}</arg>
<arg>Reply from</arg>
<doc>Fails if ``container`` does not contain any of the ``*items``.</doc>
<status status="PASS" starttime="20210913 16:05:00.590" endtime="20210913 16:05:00.592"/>
</kw>
<msg timestamp="20210913 16:05:00.592" level="INFO">${status} = True</msg>
<status status="PASS" starttime="20210913 16:05:00.589" endtime="20210913 16:05:00.592"/>
</kw>
<msg timestamp="20210913 16:05:00.592" level="INFO">${status} = True</msg>
<status status="PASS" starttime="20210913 16:04:57.509" endtime="20210913 16:05:00.592"/>
</kw>
<if>
<branch type="IF" condition="${status} == ${True}">
<kw name="Evaluate" library="BuiltIn">
<var>${counter}</var>
<arg>${i} + 1</arg>
<doc>Evaluates the given expression in Python and returns the result.</doc>
<msg timestamp="20210913 16:05:00.594" level="INFO">${counter} = 31</msg>
<status status="PASS" starttime="20210913 16:05:00.593" endtime="20210913 16:05:00.594"/>
</kw>
<kw name="Log To Console" library="BuiltIn">
<arg>Ping ok , Continue the Testing...</arg>
<doc>Logs the given message to the console.</doc>
<status status="PASS" starttime="20210913 16:05:00.594" endtime="20210913 16:05:00.595"/>
</kw>
<kw name="login to dut">
<var>${login_status}</var>
<kw name="Go To" library="Selenium2Library">
<arg>${url}</arg>
<doc>Navigates the current browser window to the provided ``url``.</doc>
<msg timestamp="20210913 16:05:00.595" level="INFO">Opening url 'https://10.3.4.19'</msg>
<status status="PASS" starttime="20210913 16:05:00.595" endtime="20210913 16:05:02.539"/>
</kw>
<kw name="Sleep" library="BuiltIn">
<arg>5</arg>
<doc>Pauses the test executed for the given time.</doc>
<msg timestamp="20210913 16:05:07.550" level="INFO">Slept 5 seconds</msg>
<status status="PASS" starttime="20210913 16:05:02.540" endtime="20210913 16:05:07.550"/>
</kw>
<kw name="Wait Until Page Contains" library="Selenium2Library">
<arg>Password</arg>
<arg>30</arg>
<doc>Waits until ``text`` appears on the current page.</doc>
<status status="PASS" starttime="20210913 16:05:07.551" endtime="20210913 16:05:07.566"/>
</kw>
<kw name="Input Text" library="Selenium2Library">
<arg>${User_xpath}</arg>
<arg>${User_value}</arg>
<doc>Types the given ``text`` into the text field identified by ``locator``.</doc>
<msg timestamp="20210913 16:05:07.566" level="INFO">Typing text 'adpro' into text field '//input[@id='Login']'.</msg>
<status status="PASS" starttime="20210913 16:05:07.566" endtime="20210913 16:05:07.631"/>
</kw>
<kw name="Sleep" library="BuiltIn">
<arg>1</arg>
<doc>Pauses the test executed for the given time.</doc>
<msg timestamp="20210913 16:05:08.635" level="INFO">Slept 1 second</msg>
<status status="PASS" starttime="20210913 16:05:07.631" endtime="20210913 16:05:08.635"/>
</kw>
<kw name="Input Text" library="Selenium2Library">
<arg>${Password_xpath}</arg>
<arg>${Password_value}</arg>
<doc>Types the given ``text`` into the text field identified by ``locator``.</doc>
<msg timestamp="20210913 16:05:08.637" level="INFO">Typing text '' into text field '//input[@id='Password']'.</msg>
<status status="PASS" starttime="20210913 16:05:08.636" endtime="20210913 16:05:08.698"/>
</kw>
<kw name="Sleep" library="BuiltIn">
<arg>1</arg>
<doc>Pauses the test executed for the given time.</doc>
<msg timestamp="20210913 16:05:09.702" level="INFO">Slept 1 second</msg>
<status status="PASS" starttime="20210913 16:05:08.698" endtime="20210913 16:05:09.702"/>
</kw>
<kw name="Click Button" library="Selenium2Library">
<arg>${login_button}</arg>
<doc>Clicks the button identified by ``locator``.</doc>
<msg timestamp="20210913 16:05:09.704" level="INFO">Clicking button '//button[@id='login_ok']'.</msg>
<status status="PASS" starttime="20210913 16:05:09.703" endtime="20210913 16:05:19.326"/>
</kw>
<kw name="Sleep" library="BuiltIn">
<arg>3</arg>
<doc>Pauses the test executed for the given time.</doc>
<msg timestamp="20210913 16:05:22.332" level="INFO">Slept 3 seconds</msg>
<status status="PASS" starttime="20210913 16:05:19.326" endtime="20210913 16:05:22.332"/>
</kw>
<kw name="Handle Alert" library="Selenium2Library">
<var>${alert_message}</var>
<arg>action=ACCEPT</arg>
<arg>timeout=10</arg>
<doc>Handles the current alert and returns its message.</doc>
<msg timestamp="20210913 16:05:22.334" level="INFO">HANDLE::&lt;class 'datetime.timedelta'&gt;::0:00:10</msg>
<msg timestamp="20210913 16:05:22.344" level="INFO">${alert_message} = No password has been set. Please set a password for security.</msg>
<status status="PASS" starttime="20210913 16:05:22.332" endtime="20210913 16:05:22.344"/>
</kw>
<kw name="Run Keyword And Return Status" library="BuiltIn">
<var>${status}</var>
<arg>Wait Until Element Is Visible</arg>
<arg>myframe</arg>
<doc>Runs the given keyword with given arguments and returns the status as a Boolean value.</doc>
<kw name="Wait Until Element Is Visible" library="Selenium2Library">
<arg>myframe</arg>
<doc>Waits until the element ``locator`` is visible.</doc>
<status status="PASS" starttime="20210913 16:05:22.344" endtime="20210913 16:05:30.036"/>
</kw>
<msg timestamp="20210913 16:05:30.036" level="INFO">${status} = True</msg>
<status status="PASS" starttime="20210913 16:05:22.344" endtime="20210913 16:05:30.036"/>
</kw>
<msg timestamp="20210913 16:05:30.037" level="INFO">${login_status} = [True, 'No password has been set. Please set a password for security.']</msg>
<status status="PASS" starttime="20210913 16:05:00.595" endtime="20210913 16:05:30.037"/>
</kw>
<kw name="Log To Console" library="BuiltIn">
<arg>${login_status}</arg>
<doc>Logs the given message to the console.</doc>
<status status="PASS" starttime="20210913 16:05:30.037" endtime="20210913 16:05:30.038"/>
</kw>
<if>
<branch type="IF" condition="${login_status}[0] == ${True}">
<kw name="check login successed">
<var>${result}</var>
<kw name="Select Frame" library="Selenium2Library">
<arg>myframe</arg>
<doc>Sets frame identified by ``locator`` as the current frame.</doc>
<msg timestamp="20210913 16:05:30.038" level="INFO">Selecting frame 'myframe'.</msg>
<status status="PASS" starttime="20210913 16:05:30.038" endtime="20210913 16:05:30.056"/>
</kw>
<kw name="Run Keyword And Return Status" library="BuiltIn">
<var>${IsElementVisible}</var>
<arg>Wait Until Page Contains Element</arg>
<arg>${systemUP}</arg>
<doc>Runs the given keyword with given arguments and returns the status as a Boolean value.</doc>
<kw name="Wait Until Page Contains Element" library="Selenium2Library">
<arg>${systemUP}</arg>
<doc>Waits until the element ``locator`` appears on the current page.</doc>
<status status="PASS" starttime="20210913 16:05:30.056" endtime="20210913 16:05:30.063"/>
</kw>
<msg timestamp="20210913 16:05:30.063" level="INFO">${IsElementVisible} = True</msg>
<status status="PASS" starttime="20210913 16:05:30.056" endtime="20210913 16:05:30.063"/>
</kw>
<if>
<branch type="IF" condition="${IsElementVisible} == ${True}">
<kw name="Log To Console" library="BuiltIn">
<arg>${message1}</arg>
<doc>Logs the given message to the console.</doc>
<status status="PASS" starttime="20210913 16:05:30.063" endtime="20210913 16:05:30.064"/>
</kw>
<kw name="Set Variable" library="BuiltIn">
<var>${value}</var>
<arg>0</arg>
<doc>Returns the given values which can then be assigned to a variables.</doc>
<msg timestamp="20210913 16:05:30.064" level="INFO">${value} = 0</msg>
<status status="PASS" starttime="20210913 16:05:30.064" endtime="20210913 16:05:30.064"/>
</kw>
<kw name="Set Variable" library="BuiltIn">
<var>${message}</var>
<arg>${message1}</arg>
<doc>Returns the given values which can then be assigned to a variables.</doc>
<msg timestamp="20210913 16:05:30.064" level="INFO">${message} = PASSED , Login successed</msg>
<status status="PASS" starttime="20210913 16:05:30.064" endtime="20210913 16:05:30.064"/>
</kw>
<status status="PASS" starttime="20210913 16:05:30.063" endtime="20210913 16:05:30.064"/>
</branch>
<branch type="ELSE">
<kw name="Run Keyword And Return Status" library="BuiltIn">
<var>${condition}</var>
<arg>Wait Until Page Contains Element</arg>
<arg>${systeminfo_failed_H001}</arg>
<doc>Runs the given keyword with given arguments and returns the status as a Boolean value.</doc>
<status status="NOT RUN" starttime="20210913 16:05:30.064" endtime="20210913 16:05:30.064"/>
</kw>
<if>
<branch type="IF" condition="${condition} == ${True}">
<kw name="Log To Console" library="BuiltIn">
<arg>${message2}</arg>
<doc>Logs the given message to the console.</doc>
<status status="NOT RUN" starttime="20210913 16:05:30.064" endtime="20210913 16:05:30.064"/>
</kw>
<kw name="Set Variable" library="BuiltIn">
<var>${value}</var>
<arg>1</arg>
<doc>Returns the given values which can then be assigned to a variables.</doc>
<status status="NOT RUN" starttime="20210913 16:05:30.065" endtime="20210913 16:05:30.065"/>
</kw>
<kw name="Set Variable" library="BuiltIn">
<var>${message}</var>
<arg>${message2}</arg>
<doc>Returns the given values which can then be assigned to a variables.</doc>
<status status="NOT RUN" starttime="20210913 16:05:30.065" endtime="20210913 16:05:30.065"/>
</kw>
<status status="NOT RUN" starttime="20210913 16:05:30.064" endtime="20210913 16:05:30.065"/>
</branch>
<branch type="ELSE">
<kw name="Log To Console" library="BuiltIn">
<arg>${message3}</arg>
<doc>Logs the given message to the console.</doc>
<status status="NOT RUN" starttime="20210913 16:05:30.065" endtime="20210913 16:05:30.065"/>
</kw>
<kw name="Set Variable" library="BuiltIn">
<var>${value}</var>
<arg>2</arg>
<doc>Returns the given values which can then be assigned to a variables.</doc>
<status status="NOT RUN" starttime="20210913 16:05:30.065" endtime="20210913 16:05:30.065"/>
</kw>
<kw name="Set Variable" library="BuiltIn">
<var>${message}</var>
<arg>${message3}</arg>
<doc>Returns the given values which can then be assigned to a variables.</doc>
<status status="NOT RUN" starttime="20210913 16:05:30.065" endtime="20210913 16:05:30.065"/>
</kw>
<status status="NOT RUN" starttime="20210913 16:05:30.065" endtime="20210913 16:05:30.065"/>
</branch>
<status status="NOT RUN" starttime="20210913 16:05:30.064" endtime="20210913 16:05:30.065"/>
</if>
<status status="NOT RUN" starttime="20210913 16:05:30.064" endtime="20210913 16:05:30.065"/>
</branch>
<status status="PASS" starttime="20210913 16:05:30.063" endtime="20210913 16:05:30.065"/>
</if>
<msg timestamp="20210913 16:05:30.065" level="INFO">${result} = ['0', 'PASSED , Login successed']</msg>
<status status="PASS" starttime="20210913 16:05:30.038" endtime="20210913 16:05:30.065"/>
</kw>
<kw name="Set Suite Variable" library="BuiltIn">
<arg>${write_result}</arg>
<arg>Running for ${i} times : ${result}[1]</arg>
<doc>Makes a variable available everywhere within the scope of the current suite.</doc>
<msg timestamp="20210913 16:05:30.066" level="INFO">${write_result} = Running for 30 times : PASSED , Login successed</msg>
<status status="PASS" starttime="20210913 16:05:30.066" endtime="20210913 16:05:30.066"/>
</kw>
<kw name="write result to file">
<kw name="Create File" library="OperatingSystem">
<arg>{PATH}</arg>
<arg>encoding=UTF-8</arg>
<doc>Creates a file with the given content and encoding.</doc>
<msg timestamp="20210913 16:05:30.067" level="INFO" html="true">Created file '&lt;a href="file://E:\Projects\Robot\switch_login_verification\{PATH}"&gt;E:\Projects\Robot\switch_login_verification\{PATH}&lt;/a&gt;'.</msg>
<status status="PASS" starttime="20210913 16:05:30.066" endtime="20210913 16:05:30.067"/>
</kw>
<kw name="Append To File" library="OperatingSystem">
<arg>result.txt</arg>
<arg>${write_result}${\n}</arg>
<arg>UTF-8</arg>
<doc>Appends the given content to the specified file.</doc>
<msg timestamp="20210913 16:05:30.067" level="INFO" html="true">Appended to file '&lt;a href="file://E:\Projects\Robot\switch_login_verification\result.txt"&gt;E:\Projects\Robot\switch_login_verification\result.txt&lt;/a&gt;'.</msg>
<status status="PASS" starttime="20210913 16:05:30.067" endtime="20210913 16:05:30.067"/>
</kw>
<status status="PASS" starttime="20210913 16:05:30.066" endtime="20210913 16:05:30.067"/>
</kw>
<kw name="Sleep" library="BuiltIn">
<arg>3</arg>
<doc>Pauses the test executed for the given time.</doc>
<msg timestamp="20210913 16:05:33.072" level="INFO">Slept 3 seconds</msg>
<status status="PASS" starttime="20210913 16:05:30.067" endtime="20210913 16:05:33.072"/>
</kw>
<status status="PASS" starttime="20210913 16:05:30.038" endtime="20210913 16:05:33.072"/>
</branch>
<branch type="ELSE">
<kw name="Log To Console" library="BuiltIn">
<arg>Unable to login to system page , skip the test</arg>
<doc>Logs the given message to the console.</doc>
<status status="NOT RUN" starttime="20210913 16:05:33.073" endtime="20210913 16:05:33.073"/>
</kw>
<status status="NOT RUN" starttime="20210913 16:05:33.073" endtime="20210913 16:05:33.073"/>
</branch>
<status status="PASS" starttime="20210913 16:05:30.038" endtime="20210913 16:05:33.073"/>
</if>
<status status="PASS" starttime="20210913 16:05:00.593" endtime="20210913 16:05:33.074"/>
</branch>
<branch type="ELSE">
<kw name="Evaluate" library="BuiltIn">
<var>${counter}</var>
<arg>${i} + 1</arg>
<doc>Evaluates the given expression in Python and returns the result.</doc>
<status status="NOT RUN" starttime="20210913 16:05:33.074" endtime="20210913 16:05:33.074"/>
</kw>
<kw name="Log To Console" library="BuiltIn">
<arg>${message4}</arg>
<doc>Logs the given message to the console.</doc>
<status status="NOT RUN" starttime="20210913 16:05:33.075" endtime="20210913 16:05:33.075"/>
</kw>
<kw name="Log To Console" library="BuiltIn">
<arg>Waiting for DUT rebooting for 60 sec</arg>
<doc>Logs the given message to the console.</doc>
<status status="NOT RUN" starttime="20210913 16:05:33.075" endtime="20210913 16:05:33.075"/>
</kw>
<kw name="Sleep" library="BuiltIn">
<arg>60</arg>
<doc>Pauses the test executed for the given time.</doc>
<status status="NOT RUN" starttime="20210913 16:05:33.075" endtime="20210913 16:05:33.076"/>
</kw>
<kw name="Set Suite Variable" library="BuiltIn">
<arg>${write_result}</arg>
<arg>${message4}</arg>
<doc>Makes a variable available everywhere within the scope of the current suite.</doc>
<status status="NOT RUN" starttime="20210913 16:05:33.076" endtime="20210913 16:05:33.076"/>
</kw>
<kw name="write result to file">
<status status="NOT RUN" starttime="20210913 16:05:33.077" endtime="20210913 16:05:33.077"/>
</kw>
<status status="NOT RUN" starttime="20210913 16:05:33.074" endtime="20210913 16:05:33.077"/>
</branch>
<status status="PASS" starttime="20210913 16:05:00.592" endtime="20210913 16:05:33.077"/>
</if>
<kw name="Exit For Loop If" library="BuiltIn">
<arg>${counter} &gt; ${loop_times}</arg>
<doc>Stops executing the enclosing for loop if the ``condition`` is true.</doc>
<msg timestamp="20210913 16:05:33.077" level="INFO">Exiting for loop altogether.</msg>
<status status="PASS" starttime="20210913 16:05:33.077" endtime="20210913 16:05:33.077"/>
</kw>
<status status="PASS" starttime="20210913 16:04:57.508" endtime="20210913 16:05:33.078"/>
</iter>
<status status="PASS" starttime="20210913 15:50:13.801" endtime="20210913 16:05:33.086"/>
</for>
<kw name="Log To Console" library="BuiltIn">
<arg>End the Testing</arg>
<doc>Logs the given message to the console.</doc>
<status status="PASS" starttime="20210913 16:05:33.087" endtime="20210913 16:05:33.088"/>
</kw>
<kw name="Close All Browsers" library="Selenium2Library" type="TEARDOWN">
<doc>Closes all open browsers and resets the browser cache.</doc>
<status status="PASS" starttime="20210913 16:05:33.088" endtime="20210913 16:05:35.292"/>
</kw>
<doc>Test Login behavior</doc>
<status status="PASS" starttime="20210913 15:50:07.618" endtime="20210913 16:05:35.292"/>
</test>
<status status="PASS" starttime="20210913 15:50:07.463" endtime="20210913 16:05:35.293"/>
</suite>
<statistics>
<total>
<stat pass="1" fail="0" skip="0">All Tests</stat>
</total>
<tag>
</tag>
<suite>
<stat pass="1" fail="0" skip="0" id="s1" name="Weblogin2">Weblogin2</stat>
</suite>
</statistics>
<errors>
</errors>
</robot>
